2024-11-08 15:00:51,946 [Worker-4: Loading available Gradle versions] INFO  o.e.b.c.i.u.g.PublishedGradleVersions - Gradle version information cache is up-to-date. Trying to read.
2024-11-08 15:03:27,972 [Worker-2: Loading available Gradle versions] INFO  o.e.b.c.i.u.g.PublishedGradleVersions - Gradle version information cache is up-to-date. Trying to read.
2024-11-08 15:27:55,915 [Worker-35: Creating project "curso-jsf-e-primefaces-essencial"] INFO  o.e.m.c.i.l.LifecycleMappingFactory - Using org.maven.ide.eclipse.wtp.WarLifecycleMapping lifecycle mapping for MavenProject: com.jsf:curso-jsf-e-primefaces-essencial:0.0.1-SNAPSHOT @ C:\jsf\curso-jsf-e-primefaces-essencial\pom.xml.
2024-11-08 15:27:56,650 [Worker-35: Creating project "curso-jsf-e-primefaces-essencial"] INFO  o.e.m.j.i.AbstractJavaProjectConfigurator - Adding source folder /curso-jsf-e-primefaces-essencial/src/main/java
2024-11-08 15:27:56,654 [Worker-35: Creating project "curso-jsf-e-primefaces-essencial"] INFO  o.e.m.j.i.AbstractJavaProjectConfigurator - Adding resource folder /curso-jsf-e-primefaces-essencial/src/main/resources
2024-11-08 15:27:56,655 [Worker-35: Creating project "curso-jsf-e-primefaces-essencial"] INFO  o.e.m.j.i.AbstractJavaProjectConfigurator - Adding source folder /curso-jsf-e-primefaces-essencial/src/test/java
2024-11-08 15:27:56,655 [Worker-35: Creating project "curso-jsf-e-primefaces-essencial"] INFO  o.e.m.j.i.AbstractJavaProjectConfigurator - Adding resource folder /curso-jsf-e-primefaces-essencial/src/test/resources
2024-11-08 15:27:58,100 [Worker-38: Building] WARN  o.a.m.s.f.DefaultMavenResourcesFiltering - Using platform encoding (UTF-8 actually) to copy filtered resources, i.e. build is platform dependent!
2024-11-08 15:27:58,109 [Worker-38: Building] INFO  o.a.m.s.f.DefaultMavenResourcesFiltering - Copying 0 resource from src\main\resources to target\classes
2024-11-08 15:27:58,114 [Worker-38: Building] WARN  o.a.m.s.f.DefaultMavenResourcesFiltering - Using platform encoding (UTF-8 actually) to copy filtered resources, i.e. build is platform dependent!
2024-11-08 15:27:58,115 [Worker-38: Building] INFO  o.a.m.s.f.DefaultMavenResourcesFiltering - Copying 0 resource from src\test\resources to target\test-classes
2024-11-08 15:27:58,865 [Worker-36: Building] WARN  o.a.m.s.f.DefaultMavenResourcesFiltering - Using platform encoding (UTF-8 actually) to copy filtered resources, i.e. build is platform dependent!
2024-11-08 15:27:58,869 [Worker-36: Building] INFO  o.a.m.s.f.DefaultMavenResourcesFiltering - Copying 0 resource from src\main\resources to target\classes
2024-11-08 15:27:58,872 [Worker-36: Building] WARN  o.a.m.s.f.DefaultMavenResourcesFiltering - Using platform encoding (UTF-8 actually) to copy filtered resources, i.e. build is platform dependent!
2024-11-08 15:27:58,873 [Worker-36: Building] INFO  o.a.m.s.f.DefaultMavenResourcesFiltering - Copying 0 resource from src\test\resources to target\test-classes
2024-11-08 15:29:19,601 [Worker-39: Building] WARN  o.a.m.s.f.DefaultMavenResourcesFiltering - Using platform encoding (UTF-8 actually) to copy filtered resources, i.e. build is platform dependent!
2024-11-08 15:29:19,603 [Worker-39: Building] INFO  o.a.m.s.f.DefaultMavenResourcesFiltering - Copying 0 resource from src\main\resources to target\classes
2024-11-08 15:29:19,605 [Worker-39: Building] WARN  o.a.m.s.f.DefaultMavenResourcesFiltering - Using platform encoding (UTF-8 actually) to copy filtered resources, i.e. build is platform dependent!
2024-11-08 15:29:19,606 [Worker-39: Building] INFO  o.a.m.s.f.DefaultMavenResourcesFiltering - Copying 0 resource from src\test\resources to target\test-classes
2024-11-08 15:33:21,899 [Worker-37: Building] INFO  o.e.m.c.i.l.LifecycleMappingFactory - Using org.maven.ide.eclipse.wtp.WarLifecycleMapping lifecycle mapping for MavenProject: com.jsf:curso-jsf-e-primefaces-essencial:0.0.1-SNAPSHOT @ C:\jsf\curso-jsf-e-primefaces-essencial\pom.xml.
2024-11-08 15:33:22,405 [Worker-37: Building] WARN  o.a.m.s.f.DefaultMavenResourcesFiltering - Using platform encoding (UTF-8 actually) to copy filtered resources, i.e. build is platform dependent!
2024-11-08 15:33:22,410 [Worker-37: Building] INFO  o.a.m.s.f.DefaultMavenResourcesFiltering - Copying 0 resource from src\main\resources to target\classes
2024-11-08 15:33:22,414 [Worker-37: Building] WARN  o.a.m.s.f.DefaultMavenResourcesFiltering - Using platform encoding (UTF-8 actually) to copy filtered resources, i.e. build is platform dependent!
2024-11-08 15:33:22,415 [Worker-37: Building] INFO  o.a.m.s.f.DefaultMavenResourcesFiltering - Copying 0 resource from src\test\resources to target\test-classes
2024-11-08 15:33:22,416 [Worker-37: Building] INFO  o.e.m.w.i.f.ResourceFilteringBuildParticipant - Changed resources require a complete clean of filtered resources of curso-jsf-e-primefaces-essencial
2024-11-08 15:33:22,417 [Worker-37: Building] INFO  o.e.m.w.i.f.ResourceFilteringBuildParticipant - Executing resource filtering for curso-jsf-e-primefaces-essencial
2024-11-08 15:33:57,666 [Worker-37: Building] INFO  o.e.m.c.i.l.LifecycleMappingFactory - Using org.maven.ide.eclipse.wtp.WarLifecycleMapping lifecycle mapping for MavenProject: com.jsf:curso-jsf-e-primefaces-essencial:0.0.1-SNAPSHOT @ C:\jsf\curso-jsf-e-primefaces-essencial\pom.xml.
2024-11-08 15:33:58,044 [Worker-37: Building] WARN  o.a.m.s.f.DefaultMavenResourcesFiltering - Using platform encoding (UTF-8 actually) to copy filtered resources, i.e. build is platform dependent!
2024-11-08 15:33:58,047 [Worker-37: Building] INFO  o.a.m.s.f.DefaultMavenResourcesFiltering - Copying 0 resource from src\main\resources to target\classes
2024-11-08 15:33:58,051 [Worker-37: Building] WARN  o.a.m.s.f.DefaultMavenResourcesFiltering - Using platform encoding (UTF-8 actually) to copy filtered resources, i.e. build is platform dependent!
2024-11-08 15:33:58,052 [Worker-37: Building] INFO  o.a.m.s.f.DefaultMavenResourcesFiltering - Copying 0 resource from src\test\resources to target\test-classes
2024-11-08 15:33:58,052 [Worker-37: Building] INFO  o.e.m.w.i.f.ResourceFilteringBuildParticipant - Changed resources require a complete clean of filtered resources of curso-jsf-e-primefaces-essencial
2024-11-08 15:33:58,052 [Worker-37: Building] INFO  o.e.m.w.i.f.ResourceFilteringBuildParticipant - Executing resource filtering for curso-jsf-e-primefaces-essencial
2024-11-08 15:47:00,543 [Worker-48: Building] INFO  o.e.m.c.i.l.LifecycleMappingFactory - Using org.maven.ide.eclipse.wtp.WarLifecycleMapping lifecycle mapping for MavenProject: com.jsf:curso-jsf-e-primefaces-essencial:0.0.1-SNAPSHOT @ C:\jsf\curso-jsf-e-primefaces-essencial\pom.xml.
2024-11-08 15:47:01,186 [Worker-48: Building] INFO  o.e.m.c.i.e.AbstractTransferListenerAdapter - Downloaded https://repo.maven.apache.org/maven2/org/apache/maven/plugins/mavem-copiler-plugin/3.5.1/mavem-copiler-plugin-3.5.1.pom
2024-11-08 15:47:01,188 [Worker-48: Building] WARN  o.e.m.c.i.embedder.EclipseLogger - The POM for org.apache.maven.plugins:mavem-copiler-plugin:jar:3.5.1 is missing, no dependency information available
2024-11-08 15:47:01,331 [Worker-48: Building] INFO  o.e.m.c.i.e.AbstractTransferListenerAdapter - Downloaded https://repo.maven.apache.org/maven2/org/apache/maven/plugins/mavem-copiler-plugin/3.5.1/mavem-copiler-plugin-3.5.1.jar
2024-11-08 15:47:01,333 [Worker-48: Building] WARN  o.e.m.c.i.embedder.EclipseLogger - Failed to retrieve plugin descriptor for org.apache.maven.plugins:mavem-copiler-plugin:3.5.1: Plugin org.apache.maven.plugins:mavem-copiler-plugin:3.5.1 or one of its dependencies could not be resolved:
	Could not find artifact org.apache.maven.plugins:mavem-copiler-plugin:jar:3.5.1 in central (https://repo.maven.apache.org/maven2)

2024-11-08 15:47:01,335 [Worker-48: Building] WARN  o.e.m.c.i.embedder.EclipseLogger - The POM for org.apache.maven.plugins:mavem-copiler-plugin:jar:3.5.1 is missing, no dependency information available
2024-11-08 15:47:01,338 [Worker-48: Building] WARN  o.e.m.c.i.embedder.EclipseLogger - Failed to retrieve plugin descriptor for org.apache.maven.plugins:mavem-copiler-plugin:3.5.1: Plugin org.apache.maven.plugins:mavem-copiler-plugin:3.5.1 or one of its dependencies could not be resolved:
	org.apache.maven.plugins:mavem-copiler-plugin:jar:3.5.1 was not found in https://repo.maven.apache.org/maven2 during a previous attempt. This failure was cached in the local repository and resolution is not reattempted until the update interval of central has elapsed or updates are forced

2024-11-08 15:47:01,711 [Worker-48: Building] INFO  o.a.m.s.f.DefaultMavenResourcesFiltering - Copying 0 resource from src\main\resources to target\classes
2024-11-08 15:47:01,714 [Worker-48: Building] INFO  o.a.m.s.f.DefaultMavenResourcesFiltering - Copying 0 resource from src\test\resources to target\test-classes
2024-11-08 15:47:01,715 [Worker-48: Building] INFO  o.e.m.w.i.f.ResourceFilteringBuildParticipant - Changed resources require a complete clean of filtered resources of curso-jsf-e-primefaces-essencial
2024-11-08 15:47:01,715 [Worker-48: Building] INFO  o.e.m.w.i.f.ResourceFilteringBuildParticipant - Executing resource filtering for curso-jsf-e-primefaces-essencial
2024-11-08 15:47:40,970 [Worker-50: Updating Maven Project] INFO  o.e.m.c.i.p.ProjectConfigurationManager - Update started
2024-11-08 15:47:41,106 [Worker-50: Updating Maven Project] INFO  o.e.m.c.i.l.LifecycleMappingFactory - Using org.maven.ide.eclipse.wtp.WarLifecycleMapping lifecycle mapping for MavenProject: com.jsf:curso-jsf-e-primefaces-essencial:0.0.1-SNAPSHOT @ C:\jsf\curso-jsf-e-primefaces-essencial\pom.xml.
2024-11-08 15:47:41,110 [Worker-50: Updating Maven Project] WARN  o.e.m.c.i.embedder.EclipseLogger - The POM for org.apache.maven.plugins:mavem-copiler-plugin:jar:3.5.1 is missing, no dependency information available
2024-11-08 15:47:41,112 [Worker-50: Updating Maven Project] WARN  o.e.m.c.i.embedder.EclipseLogger - Failed to retrieve plugin descriptor for org.apache.maven.plugins:mavem-copiler-plugin:3.5.1: Plugin org.apache.maven.plugins:mavem-copiler-plugin:3.5.1 or one of its dependencies could not be resolved:
	org.apache.maven.plugins:mavem-copiler-plugin:jar:3.5.1 was not found in https://repo.maven.apache.org/maven2 during a previous attempt. This failure was cached in the local repository and resolution is not reattempted until the update interval of central has elapsed or updates are forced

2024-11-08 15:47:41,122 [Worker-50: Updating Maven Project] WARN  o.e.m.c.i.embedder.EclipseLogger - The POM for org.apache.maven.plugins:mavem-copiler-plugin:jar:3.5.1 is missing, no dependency information available
2024-11-08 15:47:41,124 [Worker-50: Updating Maven Project] WARN  o.e.m.c.i.embedder.EclipseLogger - Failed to retrieve plugin descriptor for org.apache.maven.plugins:mavem-copiler-plugin:3.5.1: Plugin org.apache.maven.plugins:mavem-copiler-plugin:3.5.1 or one of its dependencies could not be resolved:
	org.apache.maven.plugins:mavem-copiler-plugin:jar:3.5.1 was not found in https://repo.maven.apache.org/maven2 during a previous attempt. This failure was cached in the local repository and resolution is not reattempted until the update interval of central has elapsed or updates are forced

2024-11-08 15:47:41,452 [Worker-50: Updating Maven Project] INFO  o.e.m.j.i.AbstractJavaProjectConfigurator - Adding source folder /curso-jsf-e-primefaces-essencial/src/main/java
2024-11-08 15:47:41,453 [Worker-50: Updating Maven Project] INFO  o.e.m.j.i.AbstractJavaProjectConfigurator - Adding resource folder /curso-jsf-e-primefaces-essencial/src/main/resources
2024-11-08 15:47:41,458 [Worker-50: Updating Maven Project] INFO  o.e.m.j.i.AbstractJavaProjectConfigurator - Adding source folder /curso-jsf-e-primefaces-essencial/src/test/java
2024-11-08 15:47:41,459 [Worker-50: Updating Maven Project] INFO  o.e.m.j.i.AbstractJavaProjectConfigurator - Adding resource folder /curso-jsf-e-primefaces-essencial/src/test/resources
2024-11-08 15:47:41,955 [Worker-50: Updating Maven Project] WARN  o.e.m.c.i.embedder.EclipseLogger - The POM for org.apache.maven.plugins:mavem-copiler-plugin:jar:3.5.1 is missing, no dependency information available
2024-11-08 15:47:41,957 [Worker-50: Updating Maven Project] WARN  o.e.m.c.i.embedder.EclipseLogger - Failed to retrieve plugin descriptor for org.apache.maven.plugins:mavem-copiler-plugin:3.5.1: Plugin org.apache.maven.plugins:mavem-copiler-plugin:3.5.1 or one of its dependencies could not be resolved:
	org.apache.maven.plugins:mavem-copiler-plugin:jar:3.5.1 was not found in https://repo.maven.apache.org/maven2 during a previous attempt. This failure was cached in the local repository and resolution is not reattempted until the update interval of central has elapsed or updates are forced

2024-11-08 15:47:41,959 [Worker-50: Updating Maven Project] WARN  o.e.m.c.i.embedder.EclipseLogger - The POM for org.apache.maven.plugins:mavem-copiler-plugin:jar:3.5.1 is missing, no dependency information available
2024-11-08 15:47:41,961 [Worker-50: Updating Maven Project] WARN  o.e.m.c.i.embedder.EclipseLogger - Failed to retrieve plugin descriptor for org.apache.maven.plugins:mavem-copiler-plugin:3.5.1: Plugin org.apache.maven.plugins:mavem-copiler-plugin:3.5.1 or one of its dependencies could not be resolved:
	org.apache.maven.plugins:mavem-copiler-plugin:jar:3.5.1 was not found in https://repo.maven.apache.org/maven2 during a previous attempt. This failure was cached in the local repository and resolution is not reattempted until the update interval of central has elapsed or updates are forced

2024-11-08 15:47:42,003 [Worker-50: Updating Maven Project] INFO  o.e.m.w.i.f.ResourceFilteringBuildParticipant - Cleaning filtered folder for curso-jsf-e-primefaces-essencial
2024-11-08 15:47:42,013 [Worker-50: Updating Maven Project] INFO  o.e.m.c.i.p.ProjectConfigurationManager - Update completed for 1 poms: local refresh takes 0,00 sec, refresh facades takes 0,00 sec, update config takes 0,00 sec 
2024-11-08 15:47:42,156 [Worker-45: Building] INFO  o.a.m.s.f.DefaultMavenResourcesFiltering - Copying 0 resource from src\main\resources to target\classes
2024-11-08 15:47:42,158 [Worker-45: Building] INFO  o.a.m.s.f.DefaultMavenResourcesFiltering - Copying 0 resource from src\test\resources to target\test-classes
2024-11-08 15:47:42,158 [Worker-45: Building] INFO  o.e.m.w.i.f.ResourceFilteringBuildParticipant - Changed resources require a complete clean of filtered resources of curso-jsf-e-primefaces-essencial
2024-11-08 15:47:42,158 [Worker-45: Building] INFO  o.e.m.w.i.f.ResourceFilteringBuildParticipant - Executing resource filtering for curso-jsf-e-primefaces-essencial
2024-11-08 17:28:13,036 [Worker-67: Updating Maven Project] INFO  o.e.m.c.i.p.ProjectConfigurationManager - Update started
2024-11-08 17:28:13,231 [Worker-67: Updating Maven Project] INFO  o.e.m.c.i.l.LifecycleMappingFactory - Using org.maven.ide.eclipse.wtp.WarLifecycleMapping lifecycle mapping for MavenProject: com.jsf:curso-jsf-e-primefaces-essencial:0.0.1-SNAPSHOT @ C:\jsf\curso-jsf-e-primefaces-essencial\pom.xml.
2024-11-08 17:28:13,234 [Worker-67: Updating Maven Project] WARN  o.e.m.c.i.embedder.EclipseLogger - The POM for org.apache.maven.plugins:mavem-copiler-plugin:jar:3.5.1 is missing, no dependency information available
2024-11-08 17:28:13,236 [Worker-67: Updating Maven Project] WARN  o.e.m.c.i.embedder.EclipseLogger - Failed to retrieve plugin descriptor for org.apache.maven.plugins:mavem-copiler-plugin:3.5.1: Plugin org.apache.maven.plugins:mavem-copiler-plugin:3.5.1 or one of its dependencies could not be resolved:
	org.apache.maven.plugins:mavem-copiler-plugin:jar:3.5.1 was not found in https://repo.maven.apache.org/maven2 during a previous attempt. This failure was cached in the local repository and resolution is not reattempted until the update interval of central has elapsed or updates are forced

2024-11-08 17:28:13,238 [Worker-67: Updating Maven Project] WARN  o.e.m.c.i.embedder.EclipseLogger - The POM for org.apache.maven.plugins:mavem-copiler-plugin:jar:3.5.1 is missing, no dependency information available
2024-11-08 17:28:13,240 [Worker-67: Updating Maven Project] WARN  o.e.m.c.i.embedder.EclipseLogger - Failed to retrieve plugin descriptor for org.apache.maven.plugins:mavem-copiler-plugin:3.5.1: Plugin org.apache.maven.plugins:mavem-copiler-plugin:3.5.1 or one of its dependencies could not be resolved:
	org.apache.maven.plugins:mavem-copiler-plugin:jar:3.5.1 was not found in https://repo.maven.apache.org/maven2 during a previous attempt. This failure was cached in the local repository and resolution is not reattempted until the update interval of central has elapsed or updates are forced

2024-11-08 17:28:13,700 [Worker-67: Updating Maven Project] INFO  o.e.m.j.i.AbstractJavaProjectConfigurator - Adding source folder /curso-jsf-e-primefaces-essencial/src/main/java
2024-11-08 17:28:13,700 [Worker-67: Updating Maven Project] INFO  o.e.m.j.i.AbstractJavaProjectConfigurator - Adding resource folder /curso-jsf-e-primefaces-essencial/src/main/resources
2024-11-08 17:28:13,701 [Worker-67: Updating Maven Project] INFO  o.e.m.j.i.AbstractJavaProjectConfigurator - Adding source folder /curso-jsf-e-primefaces-essencial/src/test/java
2024-11-08 17:28:13,701 [Worker-67: Updating Maven Project] INFO  o.e.m.j.i.AbstractJavaProjectConfigurator - Adding resource folder /curso-jsf-e-primefaces-essencial/src/test/resources
2024-11-08 17:28:13,830 [Worker-67: Updating Maven Project] WARN  o.e.m.c.i.embedder.EclipseLogger - The POM for org.apache.maven.plugins:mavem-copiler-plugin:jar:3.5.1 is missing, no dependency information available
2024-11-08 17:28:13,832 [Worker-67: Updating Maven Project] WARN  o.e.m.c.i.embedder.EclipseLogger - Failed to retrieve plugin descriptor for org.apache.maven.plugins:mavem-copiler-plugin:3.5.1: Plugin org.apache.maven.plugins:mavem-copiler-plugin:3.5.1 or one of its dependencies could not be resolved:
	org.apache.maven.plugins:mavem-copiler-plugin:jar:3.5.1 was not found in https://repo.maven.apache.org/maven2 during a previous attempt. This failure was cached in the local repository and resolution is not reattempted until the update interval of central has elapsed or updates are forced

2024-11-08 17:28:13,834 [Worker-67: Updating Maven Project] WARN  o.e.m.c.i.embedder.EclipseLogger - The POM for org.apache.maven.plugins:mavem-copiler-plugin:jar:3.5.1 is missing, no dependency information available
2024-11-08 17:28:13,835 [Worker-67: Updating Maven Project] WARN  o.e.m.c.i.embedder.EclipseLogger - Failed to retrieve plugin descriptor for org.apache.maven.plugins:mavem-copiler-plugin:3.5.1: Plugin org.apache.maven.plugins:mavem-copiler-plugin:3.5.1 or one of its dependencies could not be resolved:
	org.apache.maven.plugins:mavem-copiler-plugin:jar:3.5.1 was not found in https://repo.maven.apache.org/maven2 during a previous attempt. This failure was cached in the local repository and resolution is not reattempted until the update interval of central has elapsed or updates are forced

2024-11-08 17:28:13,854 [Worker-67: Updating Maven Project] INFO  o.e.m.w.i.f.ResourceFilteringBuildParticipant - Cleaning filtered folder for curso-jsf-e-primefaces-essencial
2024-11-08 17:28:13,863 [Worker-67: Updating Maven Project] INFO  o.e.m.c.i.p.ProjectConfigurationManager - Update completed for 1 poms: local refresh takes 0,00 sec, refresh facades takes 0,00 sec, update config takes 0,00 sec 
2024-11-08 17:28:13,981 [Worker-69: Building] INFO  o.a.m.s.f.DefaultMavenResourcesFiltering - Copying 0 resource from src\main\resources to target\classes
2024-11-08 17:28:13,984 [Worker-69: Building] INFO  o.a.m.s.f.DefaultMavenResourcesFiltering - Copying 0 resource from src\test\resources to target\test-classes
2024-11-08 17:28:13,984 [Worker-69: Building] INFO  o.e.m.w.i.f.ResourceFilteringBuildParticipant - Changed resources require a complete clean of filtered resources of curso-jsf-e-primefaces-essencial
2024-11-08 17:28:13,984 [Worker-69: Building] INFO  o.e.m.w.i.f.ResourceFilteringBuildParticipant - Executing resource filtering for curso-jsf-e-primefaces-essencial
2024-11-08 17:37:29,909 [Worker-73: Building] INFO  o.e.m.c.i.l.LifecycleMappingFactory - Using org.maven.ide.eclipse.wtp.WarLifecycleMapping lifecycle mapping for MavenProject: com.jsf:curso-jsf-e-primefaces-essencial:0.0.1-SNAPSHOT @ C:\jsf\curso-jsf-e-primefaces-essencial\pom.xml.
2024-11-08 17:37:30,385 [Worker-73: Building] INFO  o.e.m.c.i.e.AbstractTransferListenerAdapter - Downloading https://repo.maven.apache.org/maven2/org/glassfish/javax.faces/2.2.13/javax.faces-2.2.13.pom
2024-11-08 17:37:30,399 [Worker-73: Building] INFO  o.e.m.c.i.e.AbstractTransferListenerAdapter - Downloaded https://repo.maven.apache.org/maven2/org/glassfish/javax.faces/2.2.13/javax.faces-2.2.13.pom
2024-11-08 17:37:30,522 [Worker-73: Building] INFO  o.e.m.c.i.e.AbstractTransferListenerAdapter - Downloading https://repo.maven.apache.org/maven2/org/primefaces/primefaces/6.0/primefaces-6.0.pom
2024-11-08 17:37:30,576 [Worker-73: Building] INFO  o.e.m.c.i.e.AbstractTransferListenerAdapter - Downloaded https://repo.maven.apache.org/maven2/org/primefaces/primefaces/6.0/primefaces-6.0.pom
2024-11-08 17:37:30,707 [Worker-73: Building] INFO  o.e.m.c.i.e.AbstractTransferListenerAdapter - Downloading https://repo.maven.apache.org/maven2/javax/servlet/javax.servlet-api/3.0.1/javax.servlet-api-3.0.1.pom
2024-11-08 17:37:30,713 [Worker-73: Building] INFO  o.e.m.c.i.e.AbstractTransferListenerAdapter - Downloaded https://repo.maven.apache.org/maven2/javax/servlet/javax.servlet-api/3.0.1/javax.servlet-api-3.0.1.pom
2024-11-08 17:37:30,869 [Worker-73: Building] INFO  o.e.m.c.i.e.AbstractTransferListenerAdapter - Downloading https://repo.maven.apache.org/maven2/org/hibernate/hibernate-validator/5.3.0.Final/hibernate-validator-5.3.0.Final.pom
2024-11-08 17:37:30,882 [Worker-73: Building] INFO  o.e.m.c.i.e.AbstractTransferListenerAdapter - Downloaded https://repo.maven.apache.org/maven2/org/hibernate/hibernate-validator/5.3.0.Final/hibernate-validator-5.3.0.Final.pom
2024-11-08 17:37:31,003 [Worker-73: Building] INFO  o.e.m.c.i.e.AbstractTransferListenerAdapter - Downloading https://repo.maven.apache.org/maven2/org/hibernate/hibernate-validator-parent/5.3.0.Final/hibernate-validator-parent-5.3.0.Final.pom
2024-11-08 17:37:31,045 [Worker-73: Building] INFO  o.e.m.c.i.e.AbstractTransferListenerAdapter - Downloaded https://repo.maven.apache.org/maven2/org/hibernate/hibernate-validator-parent/5.3.0.Final/hibernate-validator-parent-5.3.0.Final.pom
2024-11-08 17:37:31,170 [Worker-73: Building] INFO  o.e.m.c.i.e.AbstractTransferListenerAdapter - Downloading https://repo.maven.apache.org/maven2/org/jboss/arquillian/arquillian-bom/1.1.11.Final/arquillian-bom-1.1.11.Final.pom
2024-11-08 17:37:31,178 [Worker-73: Building] INFO  o.e.m.c.i.e.AbstractTransferListenerAdapter - Downloaded https://repo.maven.apache.org/maven2/org/jboss/arquillian/arquillian-bom/1.1.11.Final/arquillian-bom-1.1.11.Final.pom
2024-11-08 17:37:31,299 [Worker-73: Building] INFO  o.e.m.c.i.e.AbstractTransferListenerAdapter - Downloading https://repo.maven.apache.org/maven2/org/jboss/shrinkwrap/shrinkwrap-bom/1.2.3/shrinkwrap-bom-1.2.3.pom
2024-11-08 17:37:31,305 [Worker-73: Building] INFO  o.e.m.c.i.e.AbstractTransferListenerAdapter - Downloaded https://repo.maven.apache.org/maven2/org/jboss/shrinkwrap/shrinkwrap-bom/1.2.3/shrinkwrap-bom-1.2.3.pom
2024-11-08 17:37:31,425 [Worker-73: Building] INFO  o.e.m.c.i.e.AbstractTransferListenerAdapter - Downloading https://repo.maven.apache.org/maven2/org/jboss/shrinkwrap/resolver/shrinkwrap-resolver-bom/2.2.0/shrinkwrap-resolver-bom-2.2.0.pom
2024-11-08 17:37:31,431 [Worker-73: Building] INFO  o.e.m.c.i.e.AbstractTransferListenerAdapter - Downloaded https://repo.maven.apache.org/maven2/org/jboss/shrinkwrap/resolver/shrinkwrap-resolver-bom/2.2.0/shrinkwrap-resolver-bom-2.2.0.pom
2024-11-08 17:37:31,554 [Worker-73: Building] INFO  o.e.m.c.i.e.AbstractTransferListenerAdapter - Downloading https://repo.maven.apache.org/maven2/org/jboss/shrinkwrap/descriptors/shrinkwrap-descriptors-bom/2.0.0-alpha-8/shrinkwrap-descriptors-bom-2.0.0-alpha-8.pom
2024-11-08 17:37:31,562 [Worker-73: Building] INFO  o.e.m.c.i.e.AbstractTransferListenerAdapter - Downloaded https://repo.maven.apache.org/maven2/org/jboss/shrinkwrap/descriptors/shrinkwrap-descriptors-bom/2.0.0-alpha-8/shrinkwrap-descriptors-bom-2.0.0-alpha-8.pom
2024-11-08 17:37:31,684 [Worker-73: Building] INFO  o.e.m.c.i.e.AbstractTransferListenerAdapter - Downloading https://repo.maven.apache.org/maven2/javax/validation/validation-api/1.1.0.Final/validation-api-1.1.0.Final.pom
2024-11-08 17:37:31,700 [Worker-73: Building] INFO  o.e.m.c.i.e.AbstractTransferListenerAdapter - Downloaded https://repo.maven.apache.org/maven2/javax/validation/validation-api/1.1.0.Final/validation-api-1.1.0.Final.pom
2024-11-08 17:37:31,820 [Worker-73: Building] INFO  o.e.m.c.i.e.AbstractTransferListenerAdapter - Downloading https://repo.maven.apache.org/maven2/org/jboss/logging/jboss-logging/3.3.0.Final/jboss-logging-3.3.0.Final.pom
2024-11-08 17:37:31,827 [Worker-73: Building] INFO  o.e.m.c.i.e.AbstractTransferListenerAdapter - Downloaded https://repo.maven.apache.org/maven2/org/jboss/logging/jboss-logging/3.3.0.Final/jboss-logging-3.3.0.Final.pom
2024-11-08 17:37:31,953 [Worker-73: Building] INFO  o.e.m.c.i.e.AbstractTransferListenerAdapter - Downloading https://repo.maven.apache.org/maven2/com/fasterxml/classmate/1.3.1/classmate-1.3.1.pom
2024-11-08 17:37:31,959 [Worker-73: Building] INFO  o.e.m.c.i.e.AbstractTransferListenerAdapter - Downloaded https://repo.maven.apache.org/maven2/com/fasterxml/classmate/1.3.1/classmate-1.3.1.pom
2024-11-08 17:37:32,079 [Worker-73: Building] INFO  o.e.m.c.i.e.AbstractTransferListenerAdapter - Downloading https://repo.maven.apache.org/maven2/com/fasterxml/oss-parent/24/oss-parent-24.pom
2024-11-08 17:37:32,094 [Worker-73: Building] INFO  o.e.m.c.i.e.AbstractTransferListenerAdapter - Downloaded https://repo.maven.apache.org/maven2/com/fasterxml/oss-parent/24/oss-parent-24.pom
2024-11-08 17:37:32,214 [Worker-73: Building] INFO  o.e.m.c.i.e.AbstractTransferListenerAdapter - Downloading https://repo.maven.apache.org/maven2/org/hibernate/hibernate-entitymanager/5.2.3.Final/hibernate-entitymanager-5.2.3.Final.pom
2024-11-08 17:37:32,219 [Worker-73: Building] INFO  o.e.m.c.i.e.AbstractTransferListenerAdapter - Downloaded https://repo.maven.apache.org/maven2/org/hibernate/hibernate-entitymanager/5.2.3.Final/hibernate-entitymanager-5.2.3.Final.pom
2024-11-08 17:37:32,338 [Worker-73: Building] INFO  o.e.m.c.i.e.AbstractTransferListenerAdapter - Downloading https://repo.maven.apache.org/maven2/org/hibernate/hibernate-core/5.2.3.Final/hibernate-core-5.2.3.Final.pom
2024-11-08 17:37:32,346 [Worker-73: Building] INFO  o.e.m.c.i.e.AbstractTransferListenerAdapter - Downloaded https://repo.maven.apache.org/maven2/org/hibernate/hibernate-core/5.2.3.Final/hibernate-core-5.2.3.Final.pom
2024-11-08 17:37:32,466 [Worker-73: Building] INFO  o.e.m.c.i.e.AbstractTransferListenerAdapter - Downloading https://repo.maven.apache.org/maven2/org/hibernate/javax/persistence/hibernate-jpa-2.1-api/1.0.0.Final/hibernate-jpa-2.1-api-1.0.0.Final.pom
2024-11-08 17:37:32,470 [Worker-73: Building] INFO  o.e.m.c.i.e.AbstractTransferListenerAdapter - Downloaded https://repo.maven.apache.org/maven2/org/hibernate/javax/persistence/hibernate-jpa-2.1-api/1.0.0.Final/hibernate-jpa-2.1-api-1.0.0.Final.pom
2024-11-08 17:37:32,589 [Worker-73: Building] INFO  o.e.m.c.i.e.AbstractTransferListenerAdapter - Downloading https://repo.maven.apache.org/maven2/org/javassist/javassist/3.20.0-GA/javassist-3.20.0-GA.pom
2024-11-08 17:37:32,599 [Worker-73: Building] INFO  o.e.m.c.i.e.AbstractTransferListenerAdapter - Downloaded https://repo.maven.apache.org/maven2/org/javassist/javassist/3.20.0-GA/javassist-3.20.0-GA.pom
2024-11-08 17:37:32,604 [Worker-73: Building] WARN  o.a.m.r.i.DefaultArtifactDescriptorReader - 1 problem was encountered while building the effective model for org.javassist:javassist:jar:3.20.0-GA during dependency collection step for project (use -X to see details)
2024-11-08 17:37:32,725 [Worker-73: Building] INFO  o.e.m.c.i.e.AbstractTransferListenerAdapter - Downloading https://repo.maven.apache.org/maven2/org/apache/geronimo/specs/geronimo-jta_1.1_spec/1.1.1/geronimo-jta_1.1_spec-1.1.1.pom
2024-11-08 17:37:32,729 [Worker-73: Building] INFO  o.e.m.c.i.e.AbstractTransferListenerAdapter - Downloaded https://repo.maven.apache.org/maven2/org/apache/geronimo/specs/geronimo-jta_1.1_spec/1.1.1/geronimo-jta_1.1_spec-1.1.1.pom
2024-11-08 17:37:32,850 [Worker-73: Building] INFO  o.e.m.c.i.e.AbstractTransferListenerAdapter - Downloading https://repo.maven.apache.org/maven2/org/apache/geronimo/specs/specs/1.4/specs-1.4.pom
2024-11-08 17:37:32,861 [Worker-73: Building] INFO  o.e.m.c.i.e.AbstractTransferListenerAdapter - Downloaded https://repo.maven.apache.org/maven2/org/apache/geronimo/specs/specs/1.4/specs-1.4.pom
2024-11-08 17:37:32,981 [Worker-73: Building] INFO  o.e.m.c.i.e.AbstractTransferListenerAdapter - Downloading https://repo.maven.apache.org/maven2/org/apache/geronimo/genesis/config/project-config/1.2/project-config-1.2.pom
2024-11-08 17:37:33,255 [Worker-73: Building] INFO  o.e.m.c.i.e.AbstractTransferListenerAdapter - Downloaded https://repo.maven.apache.org/maven2/org/apache/geronimo/genesis/config/project-config/1.2/project-config-1.2.pom
2024-11-08 17:37:33,375 [Worker-73: Building] INFO  o.e.m.c.i.e.AbstractTransferListenerAdapter - Downloading https://repo.maven.apache.org/maven2/org/apache/geronimo/genesis/config/config/1.2/config-1.2.pom
2024-11-08 17:37:33,378 [Worker-73: Building] INFO  o.e.m.c.i.e.AbstractTransferListenerAdapter - Downloaded https://repo.maven.apache.org/maven2/org/apache/geronimo/genesis/config/config/1.2/config-1.2.pom
2024-11-08 17:37:33,499 [Worker-73: Building] INFO  o.e.m.c.i.e.AbstractTransferListenerAdapter - Downloading https://repo.maven.apache.org/maven2/org/apache/geronimo/genesis/genesis/1.2/genesis-1.2.pom
2024-11-08 17:37:33,518 [Worker-73: Building] INFO  o.e.m.c.i.e.AbstractTransferListenerAdapter - Downloaded https://repo.maven.apache.org/maven2/org/apache/geronimo/genesis/genesis/1.2/genesis-1.2.pom
2024-11-08 17:37:33,639 [Worker-73: Building] INFO  o.e.m.c.i.e.AbstractTransferListenerAdapter - Downloading https://repo.maven.apache.org/maven2/org/jboss/jandex/2.0.0.Final/jandex-2.0.0.Final.pom
2024-11-08 17:37:33,648 [Worker-73: Building] INFO  o.e.m.c.i.e.AbstractTransferListenerAdapter - Downloaded https://repo.maven.apache.org/maven2/org/jboss/jandex/2.0.0.Final/jandex-2.0.0.Final.pom
2024-11-08 17:37:33,771 [Worker-73: Building] INFO  o.e.m.c.i.e.AbstractTransferListenerAdapter - Downloading https://repo.maven.apache.org/maven2/com/fasterxml/classmate/1.3.0/classmate-1.3.0.pom
2024-11-08 17:37:33,778 [Worker-73: Building] INFO  o.e.m.c.i.e.AbstractTransferListenerAdapter - Downloaded https://repo.maven.apache.org/maven2/com/fasterxml/classmate/1.3.0/classmate-1.3.0.pom
2024-11-08 17:37:33,899 [Worker-73: Building] INFO  o.e.m.c.i.e.AbstractTransferListenerAdapter - Downloading https://repo.maven.apache.org/maven2/dom4j/dom4j/1.6.1/dom4j-1.6.1.pom
2024-11-08 17:37:33,912 [Worker-73: Building] INFO  o.e.m.c.i.e.AbstractTransferListenerAdapter - Downloaded https://repo.maven.apache.org/maven2/dom4j/dom4j/1.6.1/dom4j-1.6.1.pom
2024-11-08 17:37:34,032 [Worker-73: Building] INFO  o.e.m.c.i.e.AbstractTransferListenerAdapter - Downloading https://repo.maven.apache.org/maven2/org/hibernate/common/hibernate-commons-annotations/5.0.1.Final/hibernate-commons-annotations-5.0.1.Final.pom
2024-11-08 17:37:34,036 [Worker-73: Building] INFO  o.e.m.c.i.e.AbstractTransferListenerAdapter - Downloaded https://repo.maven.apache.org/maven2/org/hibernate/common/hibernate-commons-annotations/5.0.1.Final/hibernate-commons-annotations-5.0.1.Final.pom
2024-11-08 17:37:34,156 [Worker-73: Building] INFO  o.e.m.c.i.e.AbstractTransferListenerAdapter - Downloading https://repo.maven.apache.org/maven2/javax/enterprise/cdi-api/1.1/cdi-api-1.1.pom
2024-11-08 17:37:34,169 [Worker-73: Building] INFO  o.e.m.c.i.e.AbstractTransferListenerAdapter - Downloaded https://repo.maven.apache.org/maven2/javax/enterprise/cdi-api/1.1/cdi-api-1.1.pom
2024-11-08 17:37:34,291 [Worker-73: Building] INFO  o.e.m.c.i.e.AbstractTransferListenerAdapter - Downloading https://repo.maven.apache.org/maven2/org/jboss/weld/weld-parent/21/weld-parent-21.pom
2024-11-08 17:37:34,349 [Worker-73: Building] INFO  o.e.m.c.i.e.AbstractTransferListenerAdapter - Downloaded https://repo.maven.apache.org/maven2/org/jboss/weld/weld-parent/21/weld-parent-21.pom
2024-11-08 17:37:34,468 [Worker-73: Building] INFO  o.e.m.c.i.e.AbstractTransferListenerAdapter - Downloading https://repo.maven.apache.org/maven2/javax/el/el-api/2.2/el-api-2.2.pom
2024-11-08 17:37:34,477 [Worker-73: Building] INFO  o.e.m.c.i.e.AbstractTransferListenerAdapter - Downloaded https://repo.maven.apache.org/maven2/javax/el/el-api/2.2/el-api-2.2.pom
2024-11-08 17:37:34,603 [Worker-73: Building] INFO  o.e.m.c.i.e.AbstractTransferListenerAdapter - Downloading https://repo.maven.apache.org/maven2/org/glassfish/web/el/2.2/el-2.2.pom
2024-11-08 17:37:34,612 [Worker-73: Building] INFO  o.e.m.c.i.e.AbstractTransferListenerAdapter - Downloaded https://repo.maven.apache.org/maven2/org/glassfish/web/el/2.2/el-2.2.pom
2024-11-08 17:37:34,733 [Worker-73: Building] INFO  o.e.m.c.i.e.AbstractTransferListenerAdapter - Downloading https://repo.maven.apache.org/maven2/org/jboss/spec/javax/interceptor/jboss-interceptors-api_1.1_spec/1.0.0.Beta1/jboss-interceptors-api_1.1_spec-1.0.0.Beta1.pom
2024-11-08 17:37:34,737 [Worker-73: Building] INFO  o.e.m.c.i.e.AbstractTransferListenerAdapter - Downloaded https://repo.maven.apache.org/maven2/org/jboss/spec/javax/interceptor/jboss-interceptors-api_1.1_spec/1.0.0.Beta1/jboss-interceptors-api_1.1_spec-1.0.0.Beta1.pom
2024-11-08 17:37:34,858 [Worker-73: Building] INFO  o.e.m.c.i.e.AbstractTransferListenerAdapter - Downloading https://repo.maven.apache.org/maven2/org/jboss/spec/jboss-specs-parent/1.0.0.Beta1/jboss-specs-parent-1.0.0.Beta1.pom
2024-11-08 17:37:34,866 [Worker-73: Building] INFO  o.e.m.c.i.e.AbstractTransferListenerAdapter - Downloaded https://repo.maven.apache.org/maven2/org/jboss/spec/jboss-specs-parent/1.0.0.Beta1/jboss-specs-parent-1.0.0.Beta1.pom
2024-11-08 17:37:34,986 [Worker-73: Building] INFO  o.e.m.c.i.e.AbstractTransferListenerAdapter - Downloading https://repo.maven.apache.org/maven2/org/jboss/jboss-parent/5-beta-5/jboss-parent-5-beta-5.pom
2024-11-08 17:37:35,020 [Worker-73: Building] INFO  o.e.m.c.i.e.AbstractTransferListenerAdapter - Downloaded https://repo.maven.apache.org/maven2/org/jboss/jboss-parent/5-beta-5/jboss-parent-5-beta-5.pom
2024-11-08 17:37:35,139 [Worker-73: Building] INFO  o.e.m.c.i.e.AbstractTransferListenerAdapter - Downloading https://repo.maven.apache.org/maven2/javax/annotation/jsr250-api/1.0/jsr250-api-1.0.pom
2024-11-08 17:37:35,143 [Worker-73: Building] INFO  o.e.m.c.i.e.AbstractTransferListenerAdapter - Downloaded https://repo.maven.apache.org/maven2/javax/annotation/jsr250-api/1.0/jsr250-api-1.0.pom
2024-11-08 17:37:35,263 [Worker-73: Building] INFO  o.e.m.c.i.e.AbstractTransferListenerAdapter - Downloading https://repo.maven.apache.org/maven2/mysql/mysql-connector-java/6.0.4/mysql-connector-java-6.0.4.pom
2024-11-08 17:37:35,268 [Worker-73: Building] INFO  o.e.m.c.i.e.AbstractTransferListenerAdapter - Downloaded https://repo.maven.apache.org/maven2/mysql/mysql-connector-java/6.0.4/mysql-connector-java-6.0.4.pom
2024-11-08 17:37:35,397 [Worker-73: Building] INFO  o.e.m.c.i.e.AbstractTransferListenerAdapter - Downloading https://repo.maven.apache.org/maven2/org/glassfish/javax.faces/2.2.13/javax.faces-2.2.13.jar
2024-11-08 17:37:40,052 [Worker-73: Building] INFO  o.e.m.c.i.e.AbstractTransferListenerAdapter - Downloaded https://repo.maven.apache.org/maven2/org/glassfish/javax.faces/2.2.13/javax.faces-2.2.13.jar
2024-11-08 17:37:40,170 [BasicRepositoryConnector-repo.maven.apache.org-0-0] INFO  o.e.m.c.i.e.AbstractTransferListenerAdapter - Downloading https://repo.maven.apache.org/maven2/org/primefaces/primefaces/6.0/primefaces-6.0.jar
2024-11-08 17:37:40,409 [BasicRepositoryConnector-repo.maven.apache.org-0-3] INFO  o.e.m.c.i.e.AbstractTransferListenerAdapter - Downloading https://repo.maven.apache.org/maven2/javax/validation/validation-api/1.1.0.Final/validation-api-1.1.0.Final.jar
2024-11-08 17:37:40,410 [BasicRepositoryConnector-repo.maven.apache.org-0-1] INFO  o.e.m.c.i.e.AbstractTransferListenerAdapter - Downloading https://repo.maven.apache.org/maven2/javax/servlet/javax.servlet-api/3.0.1/javax.servlet-api-3.0.1.jar
2024-11-08 17:37:40,451 [BasicRepositoryConnector-repo.maven.apache.org-0-4] INFO  o.e.m.c.i.e.AbstractTransferListenerAdapter - Downloading https://repo.maven.apache.org/maven2/org/jboss/logging/jboss-logging/3.3.0.Final/jboss-logging-3.3.0.Final.jar
2024-11-08 17:37:40,462 [BasicRepositoryConnector-repo.maven.apache.org-0-2] INFO  o.e.m.c.i.e.AbstractTransferListenerAdapter - Downloading https://repo.maven.apache.org/maven2/org/hibernate/hibernate-validator/5.3.0.Final/hibernate-validator-5.3.0.Final.jar
2024-11-08 17:37:40,547 [BasicRepositoryConnector-repo.maven.apache.org-0-3] INFO  o.e.m.c.i.e.AbstractTransferListenerAdapter - Downloaded https://repo.maven.apache.org/maven2/javax/validation/validation-api/1.1.0.Final/validation-api-1.1.0.Final.jar
2024-11-08 17:37:40,565 [BasicRepositoryConnector-repo.maven.apache.org-0-1] INFO  o.e.m.c.i.e.AbstractTransferListenerAdapter - Downloaded https://repo.maven.apache.org/maven2/javax/servlet/javax.servlet-api/3.0.1/javax.servlet-api-3.0.1.jar
2024-11-08 17:37:40,589 [BasicRepositoryConnector-repo.maven.apache.org-0-4] INFO  o.e.m.c.i.e.AbstractTransferListenerAdapter - Downloaded https://repo.maven.apache.org/maven2/org/jboss/logging/jboss-logging/3.3.0.Final/jboss-logging-3.3.0.Final.jar
2024-11-08 17:37:40,664 [BasicRepositoryConnector-repo.maven.apache.org-0-3] INFO  o.e.m.c.i.e.AbstractTransferListenerAdapter - Downloading https://repo.maven.apache.org/maven2/com/fasterxml/classmate/1.3.1/classmate-1.3.1.jar
2024-11-08 17:37:40,684 [BasicRepositoryConnector-repo.maven.apache.org-0-1] INFO  o.e.m.c.i.e.AbstractTransferListenerAdapter - Downloading https://repo.maven.apache.org/maven2/org/hibernate/hibernate-entitymanager/5.2.3.Final/hibernate-entitymanager-5.2.3.Final.jar
2024-11-08 17:37:40,687 [BasicRepositoryConnector-repo.maven.apache.org-0-1] INFO  o.e.m.c.i.e.AbstractTransferListenerAdapter - Downloaded https://repo.maven.apache.org/maven2/org/hibernate/hibernate-entitymanager/5.2.3.Final/hibernate-entitymanager-5.2.3.Final.jar
2024-11-08 17:37:40,700 [BasicRepositoryConnector-repo.maven.apache.org-0-3] INFO  o.e.m.c.i.e.AbstractTransferListenerAdapter - Downloaded https://repo.maven.apache.org/maven2/com/fasterxml/classmate/1.3.1/classmate-1.3.1.jar
2024-11-08 17:37:40,735 [BasicRepositoryConnector-repo.maven.apache.org-0-4] INFO  o.e.m.c.i.e.AbstractTransferListenerAdapter - Downloading https://repo.maven.apache.org/maven2/org/hibernate/hibernate-core/5.2.3.Final/hibernate-core-5.2.3.Final.jar
2024-11-08 17:37:40,804 [BasicRepositoryConnector-repo.maven.apache.org-0-1] INFO  o.e.m.c.i.e.AbstractTransferListenerAdapter - Downloading https://repo.maven.apache.org/maven2/org/jboss/jandex/2.0.0.Final/jandex-2.0.0.Final.jar
2024-11-08 17:37:40,818 [BasicRepositoryConnector-repo.maven.apache.org-0-3] INFO  o.e.m.c.i.e.AbstractTransferListenerAdapter - Downloading https://repo.maven.apache.org/maven2/javax/enterprise/cdi-api/1.1/cdi-api-1.1.jar
2024-11-08 17:37:40,851 [BasicRepositoryConnector-repo.maven.apache.org-0-3] INFO  o.e.m.c.i.e.AbstractTransferListenerAdapter - Downloaded https://repo.maven.apache.org/maven2/javax/enterprise/cdi-api/1.1/cdi-api-1.1.jar
2024-11-08 17:37:40,947 [BasicRepositoryConnector-repo.maven.apache.org-0-1] INFO  o.e.m.c.i.e.AbstractTransferListenerAdapter - Downloaded https://repo.maven.apache.org/maven2/org/jboss/jandex/2.0.0.Final/jandex-2.0.0.Final.jar
2024-11-08 17:37:40,968 [BasicRepositoryConnector-repo.maven.apache.org-0-2] INFO  o.e.m.c.i.e.AbstractTransferListenerAdapter - Downloaded https://repo.maven.apache.org/maven2/org/hibernate/hibernate-validator/5.3.0.Final/hibernate-validator-5.3.0.Final.jar
2024-11-08 17:37:40,970 [BasicRepositoryConnector-repo.maven.apache.org-0-3] INFO  o.e.m.c.i.e.AbstractTransferListenerAdapter - Downloading https://repo.maven.apache.org/maven2/javax/el/el-api/2.2/el-api-2.2.jar
2024-11-08 17:37:40,984 [BasicRepositoryConnector-repo.maven.apache.org-0-3] INFO  o.e.m.c.i.e.AbstractTransferListenerAdapter - Downloaded https://repo.maven.apache.org/maven2/javax/el/el-api/2.2/el-api-2.2.jar
2024-11-08 17:37:41,067 [BasicRepositoryConnector-repo.maven.apache.org-0-1] INFO  o.e.m.c.i.e.AbstractTransferListenerAdapter - Downloading https://repo.maven.apache.org/maven2/org/jboss/spec/javax/interceptor/jboss-interceptors-api_1.1_spec/1.0.0.Beta1/jboss-interceptors-api_1.1_spec-1.0.0.Beta1.jar
2024-11-08 17:37:41,070 [BasicRepositoryConnector-repo.maven.apache.org-0-1] INFO  o.e.m.c.i.e.AbstractTransferListenerAdapter - Downloaded https://repo.maven.apache.org/maven2/org/jboss/spec/javax/interceptor/jboss-interceptors-api_1.1_spec/1.0.0.Beta1/jboss-interceptors-api_1.1_spec-1.0.0.Beta1.jar
2024-11-08 17:37:41,084 [BasicRepositoryConnector-repo.maven.apache.org-0-2] INFO  o.e.m.c.i.e.AbstractTransferListenerAdapter - Downloading https://repo.maven.apache.org/maven2/javax/annotation/jsr250-api/1.0/jsr250-api-1.0.jar
2024-11-08 17:37:41,088 [BasicRepositoryConnector-repo.maven.apache.org-0-2] INFO  o.e.m.c.i.e.AbstractTransferListenerAdapter - Downloaded https://repo.maven.apache.org/maven2/javax/annotation/jsr250-api/1.0/jsr250-api-1.0.jar
2024-11-08 17:37:41,103 [BasicRepositoryConnector-repo.maven.apache.org-0-3] INFO  o.e.m.c.i.e.AbstractTransferListenerAdapter - Downloading https://repo.maven.apache.org/maven2/dom4j/dom4j/1.6.1/dom4j-1.6.1.jar
2024-11-08 17:37:41,190 [BasicRepositoryConnector-repo.maven.apache.org-0-1] INFO  o.e.m.c.i.e.AbstractTransferListenerAdapter - Downloading https://repo.maven.apache.org/maven2/org/hibernate/common/hibernate-commons-annotations/5.0.1.Final/hibernate-commons-annotations-5.0.1.Final.jar
2024-11-08 17:37:41,204 [BasicRepositoryConnector-repo.maven.apache.org-0-2] INFO  o.e.m.c.i.e.AbstractTransferListenerAdapter - Downloading https://repo.maven.apache.org/maven2/org/hibernate/javax/persistence/hibernate-jpa-2.1-api/1.0.0.Final/hibernate-jpa-2.1-api-1.0.0.Final.jar
2024-11-08 17:37:41,205 [BasicRepositoryConnector-repo.maven.apache.org-0-1] INFO  o.e.m.c.i.e.AbstractTransferListenerAdapter - Downloaded https://repo.maven.apache.org/maven2/org/hibernate/common/hibernate-commons-annotations/5.0.1.Final/hibernate-commons-annotations-5.0.1.Final.jar
2024-11-08 17:37:41,326 [BasicRepositoryConnector-repo.maven.apache.org-0-1] INFO  o.e.m.c.i.e.AbstractTransferListenerAdapter - Downloading https://repo.maven.apache.org/maven2/org/javassist/javassist/3.20.0-GA/javassist-3.20.0-GA.jar
2024-11-08 17:37:41,572 [BasicRepositoryConnector-repo.maven.apache.org-0-2] INFO  o.e.m.c.i.e.AbstractTransferListenerAdapter - Downloaded https://repo.maven.apache.org/maven2/org/hibernate/javax/persistence/hibernate-jpa-2.1-api/1.0.0.Final/hibernate-jpa-2.1-api-1.0.0.Final.jar
2024-11-08 17:37:41,600 [BasicRepositoryConnector-repo.maven.apache.org-0-3] INFO  o.e.m.c.i.e.AbstractTransferListenerAdapter - Downloaded https://repo.maven.apache.org/maven2/dom4j/dom4j/1.6.1/dom4j-1.6.1.jar
2024-11-08 17:37:41,692 [BasicRepositoryConnector-repo.maven.apache.org-0-2] INFO  o.e.m.c.i.e.AbstractTransferListenerAdapter - Downloading https://repo.maven.apache.org/maven2/org/apache/geronimo/specs/geronimo-jta_1.1_spec/1.1.1/geronimo-jta_1.1_spec-1.1.1.jar
2024-11-08 17:37:41,696 [BasicRepositoryConnector-repo.maven.apache.org-0-2] INFO  o.e.m.c.i.e.AbstractTransferListenerAdapter - Downloaded https://repo.maven.apache.org/maven2/org/apache/geronimo/specs/geronimo-jta_1.1_spec/1.1.1/geronimo-jta_1.1_spec-1.1.1.jar
2024-11-08 17:37:41,719 [BasicRepositoryConnector-repo.maven.apache.org-0-3] INFO  o.e.m.c.i.e.AbstractTransferListenerAdapter - Downloading https://repo.maven.apache.org/maven2/mysql/mysql-connector-java/6.0.4/mysql-connector-java-6.0.4.jar
2024-11-08 17:37:41,767 [BasicRepositoryConnector-repo.maven.apache.org-0-1] INFO  o.e.m.c.i.e.AbstractTransferListenerAdapter - Downloaded https://repo.maven.apache.org/maven2/org/javassist/javassist/3.20.0-GA/javassist-3.20.0-GA.jar
2024-11-08 17:37:42,087 [BasicRepositoryConnector-repo.maven.apache.org-0-4] INFO  o.e.m.c.i.e.AbstractTransferListenerAdapter - Downloaded https://repo.maven.apache.org/maven2/org/hibernate/hibernate-core/5.2.3.Final/hibernate-core-5.2.3.Final.jar
2024-11-08 17:37:42,796 [BasicRepositoryConnector-repo.maven.apache.org-0-3] INFO  o.e.m.c.i.e.AbstractTransferListenerAdapter - Downloaded https://repo.maven.apache.org/maven2/mysql/mysql-connector-java/6.0.4/mysql-connector-java-6.0.4.jar
2024-11-08 17:37:47,206 [BasicRepositoryConnector-repo.maven.apache.org-0-0] INFO  o.e.m.c.i.e.AbstractTransferListenerAdapter - Downloaded https://repo.maven.apache.org/maven2/org/primefaces/primefaces/6.0/primefaces-6.0.jar
2024-11-08 17:37:47,265 [Worker-73: Building] WARN  o.e.m.c.i.embedder.EclipseLogger - The POM for org.apache.maven.plugins:mavem-copiler-plugin:jar:3.5.1 is missing, no dependency information available
2024-11-08 17:37:47,267 [Worker-73: Building] WARN  o.e.m.c.i.embedder.EclipseLogger - Failed to retrieve plugin descriptor for org.apache.maven.plugins:mavem-copiler-plugin:3.5.1: Plugin org.apache.maven.plugins:mavem-copiler-plugin:3.5.1 or one of its dependencies could not be resolved:
	org.apache.maven.plugins:mavem-copiler-plugin:jar:3.5.1 was not found in https://repo.maven.apache.org/maven2 during a previous attempt. This failure was cached in the local repository and resolution is not reattempted until the update interval of central has elapsed or updates are forced

2024-11-08 17:37:47,269 [Worker-73: Building] WARN  o.e.m.c.i.embedder.EclipseLogger - The POM for org.apache.maven.plugins:mavem-copiler-plugin:jar:3.5.1 is missing, no dependency information available
2024-11-08 17:37:47,271 [Worker-73: Building] WARN  o.e.m.c.i.embedder.EclipseLogger - Failed to retrieve plugin descriptor for org.apache.maven.plugins:mavem-copiler-plugin:3.5.1: Plugin org.apache.maven.plugins:mavem-copiler-plugin:3.5.1 or one of its dependencies could not be resolved:
	org.apache.maven.plugins:mavem-copiler-plugin:jar:3.5.1 was not found in https://repo.maven.apache.org/maven2 during a previous attempt. This failure was cached in the local repository and resolution is not reattempted until the update interval of central has elapsed or updates are forced

2024-11-08 17:37:47,708 [Worker-73: Building] INFO  o.a.m.s.f.DefaultMavenResourcesFiltering - Copying 0 resource from src\main\resources to target\classes
2024-11-08 17:37:47,711 [Worker-73: Building] INFO  o.a.m.s.f.DefaultMavenResourcesFiltering - Copying 0 resource from src\test\resources to target\test-classes
2024-11-08 17:37:47,713 [Worker-73: Building] INFO  o.e.m.w.i.f.ResourceFilteringBuildParticipant - Changed resources require a complete clean of filtered resources of curso-jsf-e-primefaces-essencial
2024-11-08 17:37:47,713 [Worker-73: Building] INFO  o.e.m.w.i.f.ResourceFilteringBuildParticipant - Executing resource filtering for curso-jsf-e-primefaces-essencial
2024-11-08 17:37:47,800 [Worker-70: Updating Maven Project] INFO  o.e.m.c.i.p.ProjectConfigurationManager - Update started
2024-11-08 17:37:47,986 [Worker-70: Updating Maven Project] INFO  o.e.m.c.i.l.LifecycleMappingFactory - Using org.maven.ide.eclipse.wtp.WarLifecycleMapping lifecycle mapping for MavenProject: com.jsf:curso-jsf-e-primefaces-essencial:0.0.1-SNAPSHOT @ C:\jsf\curso-jsf-e-primefaces-essencial\pom.xml.
2024-11-08 17:37:48,025 [Worker-70: Updating Maven Project] WARN  o.a.m.r.i.DefaultArtifactDescriptorReader - 1 problem was encountered while building the effective model for org.javassist:javassist:jar:3.20.0-GA during dependency collection step for project (use -X to see details)
2024-11-08 17:37:48,087 [Worker-70: Updating Maven Project] WARN  o.e.m.c.i.embedder.EclipseLogger - The POM for org.apache.maven.plugins:mavem-copiler-plugin:jar:3.5.1 is missing, no dependency information available
2024-11-08 17:37:48,090 [Worker-70: Updating Maven Project] WARN  o.e.m.c.i.embedder.EclipseLogger - Failed to retrieve plugin descriptor for org.apache.maven.plugins:mavem-copiler-plugin:3.5.1: Plugin org.apache.maven.plugins:mavem-copiler-plugin:3.5.1 or one of its dependencies could not be resolved:
	org.apache.maven.plugins:mavem-copiler-plugin:jar:3.5.1 was not found in https://repo.maven.apache.org/maven2 during a previous attempt. This failure was cached in the local repository and resolution is not reattempted until the update interval of central has elapsed or updates are forced

2024-11-08 17:37:48,092 [Worker-70: Updating Maven Project] WARN  o.e.m.c.i.embedder.EclipseLogger - The POM for org.apache.maven.plugins:mavem-copiler-plugin:jar:3.5.1 is missing, no dependency information available
2024-11-08 17:37:48,095 [Worker-70: Updating Maven Project] WARN  o.e.m.c.i.embedder.EclipseLogger - Failed to retrieve plugin descriptor for org.apache.maven.plugins:mavem-copiler-plugin:3.5.1: Plugin org.apache.maven.plugins:mavem-copiler-plugin:3.5.1 or one of its dependencies could not be resolved:
	org.apache.maven.plugins:mavem-copiler-plugin:jar:3.5.1 was not found in https://repo.maven.apache.org/maven2 during a previous attempt. This failure was cached in the local repository and resolution is not reattempted until the update interval of central has elapsed or updates are forced

2024-11-08 17:37:48,578 [Worker-70: Updating Maven Project] INFO  o.e.m.j.i.AbstractJavaProjectConfigurator - Adding source folder /curso-jsf-e-primefaces-essencial/src/main/java
2024-11-08 17:37:48,579 [Worker-70: Updating Maven Project] INFO  o.e.m.j.i.AbstractJavaProjectConfigurator - Adding resource folder /curso-jsf-e-primefaces-essencial/src/main/resources
2024-11-08 17:37:48,580 [Worker-70: Updating Maven Project] INFO  o.e.m.j.i.AbstractJavaProjectConfigurator - Adding source folder /curso-jsf-e-primefaces-essencial/src/test/java
2024-11-08 17:37:48,581 [Worker-70: Updating Maven Project] INFO  o.e.m.j.i.AbstractJavaProjectConfigurator - Adding resource folder /curso-jsf-e-primefaces-essencial/src/test/resources
2024-11-08 17:37:48,950 [Worker-77: Download sources and javadoc] INFO  o.e.m.c.i.e.AbstractTransferListenerAdapter - Downloading https://repo.maven.apache.org/maven2/org/glassfish/javax.faces/2.2.13/javax.faces-2.2.13-sources.jar
2024-11-08 17:37:48,957 [Worker-70: Updating Maven Project] WARN  o.e.m.c.i.embedder.EclipseLogger - The POM for org.apache.maven.plugins:mavem-copiler-plugin:jar:3.5.1 is missing, no dependency information available
2024-11-08 17:37:48,959 [Worker-70: Updating Maven Project] WARN  o.e.m.c.i.embedder.EclipseLogger - Failed to retrieve plugin descriptor for org.apache.maven.plugins:mavem-copiler-plugin:3.5.1: Plugin org.apache.maven.plugins:mavem-copiler-plugin:3.5.1 or one of its dependencies could not be resolved:
	org.apache.maven.plugins:mavem-copiler-plugin:jar:3.5.1 was not found in https://repo.maven.apache.org/maven2 during a previous attempt. This failure was cached in the local repository and resolution is not reattempted until the update interval of central has elapsed or updates are forced

2024-11-08 17:37:48,961 [Worker-70: Updating Maven Project] WARN  o.e.m.c.i.embedder.EclipseLogger - The POM for org.apache.maven.plugins:mavem-copiler-plugin:jar:3.5.1 is missing, no dependency information available
2024-11-08 17:37:48,964 [Worker-70: Updating Maven Project] WARN  o.e.m.c.i.embedder.EclipseLogger - Failed to retrieve plugin descriptor for org.apache.maven.plugins:mavem-copiler-plugin:3.5.1: Plugin org.apache.maven.plugins:mavem-copiler-plugin:3.5.1 or one of its dependencies could not be resolved:
	org.apache.maven.plugins:mavem-copiler-plugin:jar:3.5.1 was not found in https://repo.maven.apache.org/maven2 during a previous attempt. This failure was cached in the local repository and resolution is not reattempted until the update interval of central has elapsed or updates are forced

2024-11-08 17:37:49,214 [Worker-70: Updating Maven Project] INFO  o.e.m.w.i.f.ResourceFilteringBuildParticipant - Cleaning filtered folder for curso-jsf-e-primefaces-essencial
2024-11-08 17:37:49,234 [Worker-70: Updating Maven Project] INFO  o.e.m.c.i.p.ProjectConfigurationManager - Update completed for 1 poms: local refresh takes 0,00 sec, refresh facades takes 0,00 sec, update config takes 0,00 sec 
2024-11-08 17:37:49,366 [Worker-73: Building] INFO  o.a.m.s.f.DefaultMavenResourcesFiltering - Copying 0 resource from src\main\resources to target\classes
2024-11-08 17:37:49,369 [Worker-73: Building] INFO  o.a.m.s.f.DefaultMavenResourcesFiltering - Copying 0 resource from src\test\resources to target\test-classes
2024-11-08 17:37:49,369 [Worker-73: Building] INFO  o.e.m.w.i.f.ResourceFilteringBuildParticipant - Changed resources require a complete clean of filtered resources of curso-jsf-e-primefaces-essencial
2024-11-08 17:37:49,369 [Worker-73: Building] INFO  o.e.m.w.i.f.ResourceFilteringBuildParticipant - Executing resource filtering for curso-jsf-e-primefaces-essencial
2024-11-08 17:37:49,918 [Worker-77: Download sources and javadoc] INFO  o.e.m.c.i.e.AbstractTransferListenerAdapter - Downloaded https://repo.maven.apache.org/maven2/org/glassfish/javax.faces/2.2.13/javax.faces-2.2.13-sources.jar
2024-11-08 17:37:49,921 [Worker-77: Download sources and javadoc] INFO  o.e.m.j.internal.DownloadSourcesJob - Downloaded sources for org.glassfish:javax.faces:2.2.13
2024-11-08 17:37:50,281 [Worker-77: Download sources and javadoc] INFO  o.e.m.c.i.e.AbstractTransferListenerAdapter - Downloading https://repo.maven.apache.org/maven2/org/primefaces/primefaces/6.0/primefaces-6.0-sources.jar
2024-11-08 17:37:51,395 [Worker-77: Download sources and javadoc] INFO  o.e.m.c.i.e.AbstractTransferListenerAdapter - Downloaded https://repo.maven.apache.org/maven2/org/primefaces/primefaces/6.0/primefaces-6.0-sources.jar
2024-11-08 17:37:51,398 [Worker-77: Download sources and javadoc] INFO  o.e.m.j.internal.DownloadSourcesJob - Downloaded sources for org.primefaces:primefaces:6.0
2024-11-08 17:37:51,747 [Worker-77: Download sources and javadoc] INFO  o.e.m.c.i.e.AbstractTransferListenerAdapter - Downloading https://repo.maven.apache.org/maven2/javax/servlet/javax.servlet-api/3.0.1/javax.servlet-api-3.0.1-sources.jar
2024-11-08 17:37:52,019 [Worker-77: Download sources and javadoc] INFO  o.e.m.c.i.e.AbstractTransferListenerAdapter - Downloaded https://repo.maven.apache.org/maven2/javax/servlet/javax.servlet-api/3.0.1/javax.servlet-api-3.0.1-sources.jar
2024-11-08 17:37:52,022 [Worker-77: Download sources and javadoc] INFO  o.e.m.j.internal.DownloadSourcesJob - Downloaded sources for javax.servlet:javax.servlet-api:3.0.1
2024-11-08 17:37:52,386 [Worker-77: Download sources and javadoc] INFO  o.e.m.c.i.e.AbstractTransferListenerAdapter - Downloading https://repo.maven.apache.org/maven2/org/hibernate/hibernate-validator/5.3.0.Final/hibernate-validator-5.3.0.Final-sources.jar
2024-11-08 17:37:52,901 [Worker-77: Download sources and javadoc] INFO  o.e.m.c.i.e.AbstractTransferListenerAdapter - Downloaded https://repo.maven.apache.org/maven2/org/hibernate/hibernate-validator/5.3.0.Final/hibernate-validator-5.3.0.Final-sources.jar
2024-11-08 17:37:52,904 [Worker-77: Download sources and javadoc] INFO  o.e.m.j.internal.DownloadSourcesJob - Downloaded sources for org.hibernate:hibernate-validator:5.3.0.Final
2024-11-08 17:37:53,260 [Worker-77: Download sources and javadoc] INFO  o.e.m.c.i.e.AbstractTransferListenerAdapter - Downloading https://repo.maven.apache.org/maven2/javax/validation/validation-api/1.1.0.Final/validation-api-1.1.0.Final-sources.jar
2024-11-08 17:37:53,421 [Worker-77: Download sources and javadoc] INFO  o.e.m.c.i.e.AbstractTransferListenerAdapter - Downloaded https://repo.maven.apache.org/maven2/javax/validation/validation-api/1.1.0.Final/validation-api-1.1.0.Final-sources.jar
2024-11-08 17:37:53,424 [Worker-77: Download sources and javadoc] INFO  o.e.m.j.internal.DownloadSourcesJob - Downloaded sources for javax.validation:validation-api:1.1.0.Final
2024-11-08 17:37:53,779 [Worker-77: Download sources and javadoc] INFO  o.e.m.c.i.e.AbstractTransferListenerAdapter - Downloading https://repo.maven.apache.org/maven2/org/jboss/logging/jboss-logging/3.3.0.Final/jboss-logging-3.3.0.Final-sources.jar
2024-11-08 17:37:53,908 [Worker-77: Download sources and javadoc] INFO  o.e.m.c.i.e.AbstractTransferListenerAdapter - Downloaded https://repo.maven.apache.org/maven2/org/jboss/logging/jboss-logging/3.3.0.Final/jboss-logging-3.3.0.Final-sources.jar
2024-11-08 17:37:53,912 [Worker-77: Download sources and javadoc] INFO  o.e.m.j.internal.DownloadSourcesJob - Downloaded sources for org.jboss.logging:jboss-logging:3.3.0.Final
2024-11-08 17:37:54,264 [Worker-77: Download sources and javadoc] INFO  o.e.m.c.i.e.AbstractTransferListenerAdapter - Downloading https://repo.maven.apache.org/maven2/com/fasterxml/classmate/1.3.1/classmate-1.3.1-sources.jar
2024-11-08 17:37:54,384 [Worker-77: Download sources and javadoc] INFO  o.e.m.c.i.e.AbstractTransferListenerAdapter - Downloaded https://repo.maven.apache.org/maven2/com/fasterxml/classmate/1.3.1/classmate-1.3.1-sources.jar
2024-11-08 17:37:54,387 [Worker-77: Download sources and javadoc] INFO  o.e.m.j.internal.DownloadSourcesJob - Downloaded sources for com.fasterxml:classmate:1.3.1
2024-11-08 17:37:54,738 [Worker-77: Download sources and javadoc] INFO  o.e.m.c.i.e.AbstractTransferListenerAdapter - Downloading https://repo.maven.apache.org/maven2/org/hibernate/hibernate-entitymanager/5.2.3.Final/hibernate-entitymanager-5.2.3.Final-sources.jar
2024-11-08 17:37:54,742 [Worker-77: Download sources and javadoc] INFO  o.e.m.c.i.e.AbstractTransferListenerAdapter - Downloaded https://repo.maven.apache.org/maven2/org/hibernate/hibernate-entitymanager/5.2.3.Final/hibernate-entitymanager-5.2.3.Final-sources.jar
2024-11-08 17:37:54,745 [Worker-77: Download sources and javadoc] INFO  o.e.m.j.internal.DownloadSourcesJob - Downloaded sources for org.hibernate:hibernate-entitymanager:5.2.3.Final
2024-11-08 17:37:55,112 [Worker-77: Download sources and javadoc] INFO  o.e.m.c.i.e.AbstractTransferListenerAdapter - Downloading https://repo.maven.apache.org/maven2/org/hibernate/hibernate-core/5.2.3.Final/hibernate-core-5.2.3.Final-sources.jar
2024-11-08 17:37:56,253 [Worker-77: Download sources and javadoc] INFO  o.e.m.c.i.e.AbstractTransferListenerAdapter - Downloaded https://repo.maven.apache.org/maven2/org/hibernate/hibernate-core/5.2.3.Final/hibernate-core-5.2.3.Final-sources.jar
2024-11-08 17:37:56,256 [Worker-77: Download sources and javadoc] INFO  o.e.m.j.internal.DownloadSourcesJob - Downloaded sources for org.hibernate:hibernate-core:5.2.3.Final
2024-11-08 17:37:56,607 [Worker-77: Download sources and javadoc] INFO  o.e.m.c.i.e.AbstractTransferListenerAdapter - Downloading https://repo.maven.apache.org/maven2/org/jboss/jandex/2.0.0.Final/jandex-2.0.0.Final-sources.jar
2024-11-08 17:37:56,786 [Worker-77: Download sources and javadoc] INFO  o.e.m.c.i.e.AbstractTransferListenerAdapter - Downloaded https://repo.maven.apache.org/maven2/org/jboss/jandex/2.0.0.Final/jandex-2.0.0.Final-sources.jar
2024-11-08 17:37:56,790 [Worker-77: Download sources and javadoc] INFO  o.e.m.j.internal.DownloadSourcesJob - Downloaded sources for org.jboss:jandex:2.0.0.Final
2024-11-08 17:37:57,143 [Worker-77: Download sources and javadoc] INFO  o.e.m.c.i.e.AbstractTransferListenerAdapter - Downloading https://repo.maven.apache.org/maven2/javax/enterprise/cdi-api/1.1/cdi-api-1.1-sources.jar
2024-11-08 17:37:57,378 [Worker-77: Download sources and javadoc] INFO  o.e.m.c.i.e.AbstractTransferListenerAdapter - Downloaded https://repo.maven.apache.org/maven2/javax/enterprise/cdi-api/1.1/cdi-api-1.1-sources.jar
2024-11-08 17:37:57,382 [Worker-77: Download sources and javadoc] INFO  o.e.m.j.internal.DownloadSourcesJob - Downloaded sources for javax.enterprise:cdi-api:1.1
2024-11-08 17:37:57,735 [Worker-77: Download sources and javadoc] INFO  o.e.m.c.i.e.AbstractTransferListenerAdapter - Downloading https://repo.maven.apache.org/maven2/javax/el/el-api/2.2/el-api-2.2-sources.jar
2024-11-08 17:37:57,883 [Worker-77: Download sources and javadoc] INFO  o.e.m.c.i.e.AbstractTransferListenerAdapter - Downloaded https://repo.maven.apache.org/maven2/javax/el/el-api/2.2/el-api-2.2-sources.jar
2024-11-08 17:37:57,886 [Worker-77: Download sources and javadoc] INFO  o.e.m.j.internal.DownloadSourcesJob - Downloaded sources for javax.el:el-api:2.2
2024-11-08 17:37:58,235 [Worker-77: Download sources and javadoc] INFO  o.e.m.c.i.e.AbstractTransferListenerAdapter - Downloading https://repo.maven.apache.org/maven2/org/jboss/spec/javax/interceptor/jboss-interceptors-api_1.1_spec/1.0.0.Beta1/jboss-interceptors-api_1.1_spec-1.0.0.Beta1-sources.jar
2024-11-08 17:37:58,238 [Worker-77: Download sources and javadoc] INFO  o.e.m.c.i.e.AbstractTransferListenerAdapter - Downloaded https://repo.maven.apache.org/maven2/org/jboss/spec/javax/interceptor/jboss-interceptors-api_1.1_spec/1.0.0.Beta1/jboss-interceptors-api_1.1_spec-1.0.0.Beta1-sources.jar
2024-11-08 17:37:58,242 [Worker-77: Download sources and javadoc] INFO  o.e.m.j.internal.DownloadSourcesJob - Downloaded sources for org.jboss.spec.javax.interceptor:jboss-interceptors-api_1.1_spec:1.0.0.Beta1
2024-11-08 17:37:58,594 [Worker-77: Download sources and javadoc] INFO  o.e.m.c.i.e.AbstractTransferListenerAdapter - Downloading https://repo.maven.apache.org/maven2/javax/annotation/jsr250-api/1.0/jsr250-api-1.0-sources.jar
2024-11-08 17:37:58,601 [Worker-77: Download sources and javadoc] INFO  o.e.m.c.i.e.AbstractTransferListenerAdapter - Downloaded https://repo.maven.apache.org/maven2/javax/annotation/jsr250-api/1.0/jsr250-api-1.0-sources.jar
2024-11-08 17:37:58,604 [Worker-77: Download sources and javadoc] INFO  o.e.m.j.internal.DownloadSourcesJob - Downloaded sources for javax.annotation:jsr250-api:1.0
2024-11-08 17:37:58,954 [Worker-77: Download sources and javadoc] INFO  o.e.m.c.i.e.AbstractTransferListenerAdapter - Downloading https://repo.maven.apache.org/maven2/javax/inject/javax.inject/1/javax.inject-1-sources.jar
2024-11-08 17:37:58,958 [Worker-77: Download sources and javadoc] INFO  o.e.m.c.i.e.AbstractTransferListenerAdapter - Downloaded https://repo.maven.apache.org/maven2/javax/inject/javax.inject/1/javax.inject-1-sources.jar
2024-11-08 17:37:58,961 [Worker-77: Download sources and javadoc] INFO  o.e.m.j.internal.DownloadSourcesJob - Downloaded sources for javax.inject:javax.inject:1
2024-11-08 17:37:59,324 [Worker-77: Download sources and javadoc] INFO  o.e.m.c.i.e.AbstractTransferListenerAdapter - Downloading https://repo.maven.apache.org/maven2/dom4j/dom4j/1.6.1/dom4j-1.6.1-sources.jar
2024-11-08 17:37:59,818 [Worker-77: Download sources and javadoc] INFO  o.e.m.c.i.e.AbstractTransferListenerAdapter - Downloaded https://repo.maven.apache.org/maven2/dom4j/dom4j/1.6.1/dom4j-1.6.1-sources.jar
2024-11-08 17:37:59,821 [Worker-77: Download sources and javadoc] INFO  o.e.m.j.internal.DownloadSourcesJob - Downloaded sources for dom4j:dom4j:1.6.1
2024-11-08 17:38:00,183 [Worker-77: Download sources and javadoc] INFO  o.e.m.c.i.e.AbstractTransferListenerAdapter - Downloading https://repo.maven.apache.org/maven2/org/hibernate/common/hibernate-commons-annotations/5.0.1.Final/hibernate-commons-annotations-5.0.1.Final-sources.jar
2024-11-08 17:38:00,322 [Worker-77: Download sources and javadoc] INFO  o.e.m.c.i.e.AbstractTransferListenerAdapter - Downloaded https://repo.maven.apache.org/maven2/org/hibernate/common/hibernate-commons-annotations/5.0.1.Final/hibernate-commons-annotations-5.0.1.Final-sources.jar
2024-11-08 17:38:00,325 [Worker-77: Download sources and javadoc] INFO  o.e.m.j.internal.DownloadSourcesJob - Downloaded sources for org.hibernate.common:hibernate-commons-annotations:5.0.1.Final
2024-11-08 17:38:00,677 [Worker-77: Download sources and javadoc] INFO  o.e.m.c.i.e.AbstractTransferListenerAdapter - Downloading https://repo.maven.apache.org/maven2/org/hibernate/javax/persistence/hibernate-jpa-2.1-api/1.0.0.Final/hibernate-jpa-2.1-api-1.0.0.Final-sources.jar
2024-11-08 17:38:00,947 [Worker-77: Download sources and javadoc] INFO  o.e.m.c.i.e.AbstractTransferListenerAdapter - Downloaded https://repo.maven.apache.org/maven2/org/hibernate/javax/persistence/hibernate-jpa-2.1-api/1.0.0.Final/hibernate-jpa-2.1-api-1.0.0.Final-sources.jar
2024-11-08 17:38:00,951 [Worker-77: Download sources and javadoc] INFO  o.e.m.j.internal.DownloadSourcesJob - Downloaded sources for org.hibernate.javax.persistence:hibernate-jpa-2.1-api:1.0.0.Final
2024-11-08 17:38:01,298 [Worker-77: Download sources and javadoc] INFO  o.e.m.c.i.e.AbstractTransferListenerAdapter - Downloading https://repo.maven.apache.org/maven2/org/javassist/javassist/3.20.0-GA/javassist-3.20.0-GA-sources.jar
2024-11-08 17:38:01,802 [Worker-77: Download sources and javadoc] INFO  o.e.m.c.i.e.AbstractTransferListenerAdapter - Downloaded https://repo.maven.apache.org/maven2/org/javassist/javassist/3.20.0-GA/javassist-3.20.0-GA-sources.jar
2024-11-08 17:38:01,805 [Worker-77: Download sources and javadoc] INFO  o.e.m.j.internal.DownloadSourcesJob - Downloaded sources for org.javassist:javassist:3.20.0-GA
2024-11-08 17:38:02,157 [Worker-77: Download sources and javadoc] INFO  o.e.m.c.i.e.AbstractTransferListenerAdapter - Downloading https://repo.maven.apache.org/maven2/org/apache/geronimo/specs/geronimo-jta_1.1_spec/1.1.1/geronimo-jta_1.1_spec-1.1.1-sources.jar
2024-11-08 17:38:02,174 [Worker-77: Download sources and javadoc] INFO  o.e.m.c.i.e.AbstractTransferListenerAdapter - Downloaded https://repo.maven.apache.org/maven2/org/apache/geronimo/specs/geronimo-jta_1.1_spec/1.1.1/geronimo-jta_1.1_spec-1.1.1-sources.jar
2024-11-08 17:38:02,177 [Worker-77: Download sources and javadoc] INFO  o.e.m.j.internal.DownloadSourcesJob - Downloaded sources for org.apache.geronimo.specs:geronimo-jta_1.1_spec:1.1.1
2024-11-08 17:38:02,538 [Worker-77: Download sources and javadoc] INFO  o.e.m.c.i.e.AbstractTransferListenerAdapter - Downloading https://repo.maven.apache.org/maven2/mysql/mysql-connector-java/6.0.4/mysql-connector-java-6.0.4-sources.jar
2024-11-08 17:38:03,129 [Worker-77: Download sources and javadoc] INFO  o.e.m.c.i.e.AbstractTransferListenerAdapter - Downloaded https://repo.maven.apache.org/maven2/mysql/mysql-connector-java/6.0.4/mysql-connector-java-6.0.4-sources.jar
2024-11-08 17:38:03,132 [Worker-77: Download sources and javadoc] INFO  o.e.m.j.internal.DownloadSourcesJob - Downloaded sources for mysql:mysql-connector-java:6.0.4
2024-11-08 17:46:57,678 [Worker-73: Launching Executing install in C__jsf_curso-jsf-e-primefaces-essencial] INFO  o.eclipse.m2e.core.internal.Bundles - getClasspathEntries(Bundle=org.eclipse.m2e.maven.runtime_3.9.900.20240824-1409 [643])
2024-11-08 17:46:57,680 [Worker-73: Launching Executing install in C__jsf_curso-jsf-e-primefaces-essencial] INFO  o.eclipse.m2e.core.internal.Bundles - 	Entry: C:\Users\gajee\eclipse\plugins\org.eclipse.m2e.maven.runtime_3.9.900.20240824-1409
2024-11-08 17:46:57,681 [Worker-73: Launching Executing install in C__jsf_curso-jsf-e-primefaces-essencial] INFO  o.eclipse.m2e.core.internal.Bundles - 	Entry: C:\Users\gajee\eclipse\plugins\org.eclipse.m2e.maven.runtime_3.9.900.20240824-1409\jars\aopalliance-1.0.jar
2024-11-08 17:46:57,681 [Worker-73: Launching Executing install in C__jsf_curso-jsf-e-primefaces-essencial] INFO  o.eclipse.m2e.core.internal.Bundles - 	Entry: C:\Users\gajee\eclipse\plugins\org.eclipse.m2e.maven.runtime_3.9.900.20240824-1409\jars\guice-5.1.0.jar
2024-11-08 17:46:57,682 [Worker-73: Launching Executing install in C__jsf_curso-jsf-e-primefaces-essencial] INFO  o.eclipse.m2e.core.internal.Bundles - 	Entry: C:\Users\gajee\eclipse\plugins\org.eclipse.m2e.maven.runtime_3.9.900.20240824-1409\jars\httpclient-4.5.14.jar
2024-11-08 17:46:57,682 [Worker-73: Launching Executing install in C__jsf_curso-jsf-e-primefaces-essencial] INFO  o.eclipse.m2e.core.internal.Bundles - 	Entry: C:\Users\gajee\eclipse\plugins\org.eclipse.m2e.maven.runtime_3.9.900.20240824-1409\jars\httpcore-4.4.16.jar
2024-11-08 17:46:57,682 [Worker-73: Launching Executing install in C__jsf_curso-jsf-e-primefaces-essencial] INFO  o.eclipse.m2e.core.internal.Bundles - 	Entry: C:\Users\gajee\eclipse\plugins\org.eclipse.m2e.maven.runtime_3.9.900.20240824-1409\jars\jansi-2.4.1.jar
2024-11-08 17:46:57,682 [Worker-73: Launching Executing install in C__jsf_curso-jsf-e-primefaces-essencial] INFO  o.eclipse.m2e.core.internal.Bundles - 	Entry: C:\Users\gajee\eclipse\plugins\org.eclipse.m2e.maven.runtime_3.9.900.20240824-1409\jars\jcl-over-slf4j-1.7.36.jar
2024-11-08 17:46:57,683 [Worker-73: Launching Executing install in C__jsf_curso-jsf-e-primefaces-essencial] INFO  o.eclipse.m2e.core.internal.Bundles - 	Entry: C:\Users\gajee\eclipse\plugins\org.eclipse.m2e.maven.runtime_3.9.900.20240824-1409\jars\maven-artifact-3.9.9.jar
2024-11-08 17:46:57,683 [Worker-73: Launching Executing install in C__jsf_curso-jsf-e-primefaces-essencial] INFO  o.eclipse.m2e.core.internal.Bundles - 	Entry: C:\Users\gajee\eclipse\plugins\org.eclipse.m2e.maven.runtime_3.9.900.20240824-1409\jars\maven-builder-support-3.9.9.jar
2024-11-08 17:46:57,683 [Worker-73: Launching Executing install in C__jsf_curso-jsf-e-primefaces-essencial] INFO  o.eclipse.m2e.core.internal.Bundles - 	Entry: C:\Users\gajee\eclipse\plugins\org.eclipse.m2e.maven.runtime_3.9.900.20240824-1409\jars\maven-compat-3.9.9.jar
2024-11-08 17:46:57,683 [Worker-73: Launching Executing install in C__jsf_curso-jsf-e-primefaces-essencial] INFO  o.eclipse.m2e.core.internal.Bundles - 	Entry: C:\Users\gajee\eclipse\plugins\org.eclipse.m2e.maven.runtime_3.9.900.20240824-1409\jars\maven-core-3.9.9.jar
2024-11-08 17:46:57,684 [Worker-73: Launching Executing install in C__jsf_curso-jsf-e-primefaces-essencial] INFO  o.eclipse.m2e.core.internal.Bundles - 	Entry: C:\Users\gajee\eclipse\plugins\org.eclipse.m2e.maven.runtime_3.9.900.20240824-1409\jars\maven-embedder-3.9.9.jar
2024-11-08 17:46:57,684 [Worker-73: Launching Executing install in C__jsf_curso-jsf-e-primefaces-essencial] INFO  o.eclipse.m2e.core.internal.Bundles - 	Entry: C:\Users\gajee\eclipse\plugins\org.eclipse.m2e.maven.runtime_3.9.900.20240824-1409\jars\maven-model-3.9.9.jar
2024-11-08 17:46:57,684 [Worker-73: Launching Executing install in C__jsf_curso-jsf-e-primefaces-essencial] INFO  o.eclipse.m2e.core.internal.Bundles - 	Entry: C:\Users\gajee\eclipse\plugins\org.eclipse.m2e.maven.runtime_3.9.900.20240824-1409\jars\maven-model-builder-3.9.9.jar
2024-11-08 17:46:57,684 [Worker-73: Launching Executing install in C__jsf_curso-jsf-e-primefaces-essencial] INFO  o.eclipse.m2e.core.internal.Bundles - 	Entry: C:\Users\gajee\eclipse\plugins\org.eclipse.m2e.maven.runtime_3.9.900.20240824-1409\jars\maven-plugin-api-3.9.9.jar
2024-11-08 17:46:57,684 [Worker-73: Launching Executing install in C__jsf_curso-jsf-e-primefaces-essencial] INFO  o.eclipse.m2e.core.internal.Bundles - 	Entry: C:\Users\gajee\eclipse\plugins\org.eclipse.m2e.maven.runtime_3.9.900.20240824-1409\jars\maven-repository-metadata-3.9.9.jar
2024-11-08 17:46:57,684 [Worker-73: Launching Executing install in C__jsf_curso-jsf-e-primefaces-essencial] INFO  o.eclipse.m2e.core.internal.Bundles - 	Entry: C:\Users\gajee\eclipse\plugins\org.eclipse.m2e.maven.runtime_3.9.900.20240824-1409\jars\maven-resolver-api-1.9.22.jar
2024-11-08 17:46:57,685 [Worker-73: Launching Executing install in C__jsf_curso-jsf-e-primefaces-essencial] INFO  o.eclipse.m2e.core.internal.Bundles - 	Entry: C:\Users\gajee\eclipse\plugins\org.eclipse.m2e.maven.runtime_3.9.900.20240824-1409\jars\maven-resolver-connector-basic-1.9.22.jar
2024-11-08 17:46:57,685 [Worker-73: Launching Executing install in C__jsf_curso-jsf-e-primefaces-essencial] INFO  o.eclipse.m2e.core.internal.Bundles - 	Entry: C:\Users\gajee\eclipse\plugins\org.eclipse.m2e.maven.runtime_3.9.900.20240824-1409\jars\maven-resolver-impl-1.9.22.jar
2024-11-08 17:46:57,685 [Worker-73: Launching Executing install in C__jsf_curso-jsf-e-primefaces-essencial] INFO  o.eclipse.m2e.core.internal.Bundles - 	Entry: C:\Users\gajee\eclipse\plugins\org.eclipse.m2e.maven.runtime_3.9.900.20240824-1409\jars\maven-resolver-named-locks-1.9.22.jar
2024-11-08 17:46:57,685 [Worker-73: Launching Executing install in C__jsf_curso-jsf-e-primefaces-essencial] INFO  o.eclipse.m2e.core.internal.Bundles - 	Entry: C:\Users\gajee\eclipse\plugins\org.eclipse.m2e.maven.runtime_3.9.900.20240824-1409\jars\maven-resolver-provider-3.9.9.jar
2024-11-08 17:46:57,685 [Worker-73: Launching Executing install in C__jsf_curso-jsf-e-primefaces-essencial] INFO  o.eclipse.m2e.core.internal.Bundles - 	Entry: C:\Users\gajee\eclipse\plugins\org.eclipse.m2e.maven.runtime_3.9.900.20240824-1409\jars\maven-resolver-spi-1.9.22.jar
2024-11-08 17:46:57,685 [Worker-73: Launching Executing install in C__jsf_curso-jsf-e-primefaces-essencial] INFO  o.eclipse.m2e.core.internal.Bundles - 	Entry: C:\Users\gajee\eclipse\plugins\org.eclipse.m2e.maven.runtime_3.9.900.20240824-1409\jars\maven-resolver-transport-file-1.9.22.jar
2024-11-08 17:46:57,685 [Worker-73: Launching Executing install in C__jsf_curso-jsf-e-primefaces-essencial] INFO  o.eclipse.m2e.core.internal.Bundles - 	Entry: C:\Users\gajee\eclipse\plugins\org.eclipse.m2e.maven.runtime_3.9.900.20240824-1409\jars\maven-resolver-transport-http-1.9.22.jar
2024-11-08 17:46:57,685 [Worker-73: Launching Executing install in C__jsf_curso-jsf-e-primefaces-essencial] INFO  o.eclipse.m2e.core.internal.Bundles - 	Entry: C:\Users\gajee\eclipse\plugins\org.eclipse.m2e.maven.runtime_3.9.900.20240824-1409\jars\maven-resolver-transport-wagon-1.9.22.jar
2024-11-08 17:46:57,686 [Worker-73: Launching Executing install in C__jsf_curso-jsf-e-primefaces-essencial] INFO  o.eclipse.m2e.core.internal.Bundles - 	Entry: C:\Users\gajee\eclipse\plugins\org.eclipse.m2e.maven.runtime_3.9.900.20240824-1409\jars\maven-resolver-util-1.9.22.jar
2024-11-08 17:46:57,686 [Worker-73: Launching Executing install in C__jsf_curso-jsf-e-primefaces-essencial] INFO  o.eclipse.m2e.core.internal.Bundles - 	Entry: C:\Users\gajee\eclipse\plugins\org.eclipse.m2e.maven.runtime_3.9.900.20240824-1409\jars\maven-settings-3.9.9.jar
2024-11-08 17:46:57,686 [Worker-73: Launching Executing install in C__jsf_curso-jsf-e-primefaces-essencial] INFO  o.eclipse.m2e.core.internal.Bundles - 	Entry: C:\Users\gajee\eclipse\plugins\org.eclipse.m2e.maven.runtime_3.9.900.20240824-1409\jars\maven-settings-builder-3.9.9.jar
2024-11-08 17:46:57,686 [Worker-73: Launching Executing install in C__jsf_curso-jsf-e-primefaces-essencial] INFO  o.eclipse.m2e.core.internal.Bundles - 	Entry: C:\Users\gajee\eclipse\plugins\org.eclipse.m2e.maven.runtime_3.9.900.20240824-1409\jars\maven-shared-utils-3.4.2.jar
2024-11-08 17:46:57,686 [Worker-73: Launching Executing install in C__jsf_curso-jsf-e-primefaces-essencial] INFO  o.eclipse.m2e.core.internal.Bundles - 	Entry: C:\Users\gajee\eclipse\plugins\org.eclipse.m2e.maven.runtime_3.9.900.20240824-1409\jars\org.eclipse.sisu.inject-0.9.0.M3.jar
2024-11-08 17:46:57,686 [Worker-73: Launching Executing install in C__jsf_curso-jsf-e-primefaces-essencial] INFO  o.eclipse.m2e.core.internal.Bundles - 	Entry: C:\Users\gajee\eclipse\plugins\org.eclipse.m2e.maven.runtime_3.9.900.20240824-1409\jars\org.eclipse.sisu.plexus-0.9.0.M3.jar
2024-11-08 17:46:57,686 [Worker-73: Launching Executing install in C__jsf_curso-jsf-e-primefaces-essencial] INFO  o.eclipse.m2e.core.internal.Bundles - 	Entry: C:\Users\gajee\eclipse\plugins\org.eclipse.m2e.maven.runtime_3.9.900.20240824-1409\jars\plexus-build-api-0.0.7.jar
2024-11-08 17:46:57,687 [Worker-73: Launching Executing install in C__jsf_curso-jsf-e-primefaces-essencial] INFO  o.eclipse.m2e.core.internal.Bundles - 	Entry: C:\Users\gajee\eclipse\plugins\org.eclipse.m2e.maven.runtime_3.9.900.20240824-1409\jars\plexus-build-api-1.2.0.jar
2024-11-08 17:46:57,687 [Worker-73: Launching Executing install in C__jsf_curso-jsf-e-primefaces-essencial] INFO  o.eclipse.m2e.core.internal.Bundles - 	Entry: C:\Users\gajee\eclipse\plugins\org.eclipse.m2e.maven.runtime_3.9.900.20240824-1409\jars\plexus-cipher-2.0.jar
2024-11-08 17:46:57,687 [Worker-73: Launching Executing install in C__jsf_curso-jsf-e-primefaces-essencial] INFO  o.eclipse.m2e.core.internal.Bundles - 	Entry: C:\Users\gajee\eclipse\plugins\org.eclipse.m2e.maven.runtime_3.9.900.20240824-1409\jars\plexus-classworlds-2.8.0.jar
2024-11-08 17:46:57,687 [Worker-73: Launching Executing install in C__jsf_curso-jsf-e-primefaces-essencial] INFO  o.eclipse.m2e.core.internal.Bundles - 	Entry: C:\Users\gajee\eclipse\plugins\org.eclipse.m2e.maven.runtime_3.9.900.20240824-1409\jars\plexus-component-annotations-2.1.0.jar
2024-11-08 17:46:57,687 [Worker-73: Launching Executing install in C__jsf_curso-jsf-e-primefaces-essencial] INFO  o.eclipse.m2e.core.internal.Bundles - 	Entry: C:\Users\gajee\eclipse\plugins\org.eclipse.m2e.maven.runtime_3.9.900.20240824-1409\jars\plexus-interpolation-1.27.jar
2024-11-08 17:46:57,687 [Worker-73: Launching Executing install in C__jsf_curso-jsf-e-primefaces-essencial] INFO  o.eclipse.m2e.core.internal.Bundles - 	Entry: C:\Users\gajee\eclipse\plugins\org.eclipse.m2e.maven.runtime_3.9.900.20240824-1409\jars\plexus-sec-dispatcher-2.0.jar
2024-11-08 17:46:57,687 [Worker-73: Launching Executing install in C__jsf_curso-jsf-e-primefaces-essencial] INFO  o.eclipse.m2e.core.internal.Bundles - 	Entry: C:\Users\gajee\eclipse\plugins\org.eclipse.m2e.maven.runtime_3.9.900.20240824-1409\jars\plexus-utils-3.5.1.jar
2024-11-08 17:46:57,688 [Worker-73: Launching Executing install in C__jsf_curso-jsf-e-primefaces-essencial] INFO  o.eclipse.m2e.core.internal.Bundles - 	Entry: C:\Users\gajee\eclipse\plugins\org.eclipse.m2e.maven.runtime_3.9.900.20240824-1409\jars\plexus-xml-3.0.1.jar
2024-11-08 17:46:57,688 [Worker-73: Launching Executing install in C__jsf_curso-jsf-e-primefaces-essencial] INFO  o.eclipse.m2e.core.internal.Bundles - 	Entry: C:\Users\gajee\eclipse\plugins\org.eclipse.m2e.maven.runtime_3.9.900.20240824-1409\jars\wagon-file-3.5.3.jar
2024-11-08 17:46:57,688 [Worker-73: Launching Executing install in C__jsf_curso-jsf-e-primefaces-essencial] INFO  o.eclipse.m2e.core.internal.Bundles - 	Entry: C:\Users\gajee\eclipse\plugins\org.eclipse.m2e.maven.runtime_3.9.900.20240824-1409\jars\wagon-http-3.5.3.jar
2024-11-08 17:46:57,688 [Worker-73: Launching Executing install in C__jsf_curso-jsf-e-primefaces-essencial] INFO  o.eclipse.m2e.core.internal.Bundles - 	Entry: C:\Users\gajee\eclipse\plugins\org.eclipse.m2e.maven.runtime_3.9.900.20240824-1409\jars\wagon-http-shared-3.5.3.jar
2024-11-08 17:46:57,688 [Worker-73: Launching Executing install in C__jsf_curso-jsf-e-primefaces-essencial] INFO  o.eclipse.m2e.core.internal.Bundles - 	Entry: C:\Users\gajee\eclipse\plugins\org.eclipse.m2e.maven.runtime_3.9.900.20240824-1409\jars\wagon-provider-api-3.5.3.jar
2024-11-08 17:46:57,689 [Worker-73: Launching Executing install in C__jsf_curso-jsf-e-primefaces-essencial] INFO  o.eclipse.m2e.core.internal.Bundles - getClasspathEntries(Bundle=com.google.guava_33.3.0.jre [16])
2024-11-08 17:46:57,690 [Worker-73: Launching Executing install in C__jsf_curso-jsf-e-primefaces-essencial] INFO  o.eclipse.m2e.core.internal.Bundles - 	Entry: C:\Users\gajee\eclipse\plugins\com.google.guava_33.3.0.jre.jar
2024-11-08 17:46:57,690 [Worker-73: Launching Executing install in C__jsf_curso-jsf-e-primefaces-essencial] INFO  o.eclipse.m2e.core.internal.Bundles - getClasspathEntries(Bundle=slf4j.api_2.0.16 [1008])
2024-11-08 17:46:57,691 [Worker-73: Launching Executing install in C__jsf_curso-jsf-e-primefaces-essencial] INFO  o.eclipse.m2e.core.internal.Bundles - 	Entry: C:\Users\gajee\eclipse\plugins\slf4j.api_2.0.16.jar
2024-11-08 17:46:57,691 [Worker-73: Launching Executing install in C__jsf_curso-jsf-e-primefaces-essencial] INFO  o.eclipse.m2e.core.internal.Bundles - getClasspathEntries(Bundle=jakarta.inject.jakarta.inject-api_1.0.5 [34])
2024-11-08 17:46:57,691 [Worker-73: Launching Executing install in C__jsf_curso-jsf-e-primefaces-essencial] INFO  o.eclipse.m2e.core.internal.Bundles - 	Entry: C:\Users\gajee\eclipse\plugins\jakarta.inject.jakarta.inject-api_1.0.5.jar
2024-11-08 17:46:57,692 [Worker-73: Launching Executing install in C__jsf_curso-jsf-e-primefaces-essencial] INFO  o.eclipse.m2e.core.internal.Bundles - getClasspathEntries(Bundle=jakarta.annotation-api_1.3.5 [29])
2024-11-08 17:46:57,692 [Worker-73: Launching Executing install in C__jsf_curso-jsf-e-primefaces-essencial] INFO  o.eclipse.m2e.core.internal.Bundles - 	Entry: C:\Users\gajee\eclipse\plugins\jakarta.annotation-api_1.3.5.jar
2024-11-08 17:46:57,692 [Worker-73: Launching Executing install in C__jsf_curso-jsf-e-primefaces-essencial] INFO  o.eclipse.m2e.core.internal.Bundles - getClasspathEntries(Bundle=org.apache.commons.cli_1.9.0 [78])
2024-11-08 17:46:57,692 [Worker-73: Launching Executing install in C__jsf_curso-jsf-e-primefaces-essencial] INFO  o.eclipse.m2e.core.internal.Bundles - 	Entry: C:\Users\gajee\eclipse\plugins\org.apache.commons.cli_1.9.0.jar
2024-11-08 17:46:57,692 [Worker-73: Launching Executing install in C__jsf_curso-jsf-e-primefaces-essencial] INFO  o.eclipse.m2e.core.internal.Bundles - getClasspathEntries(Bundle=org.apache.commons.commons-codec_1.16.0 [81])
2024-11-08 17:46:57,693 [Worker-73: Launching Executing install in C__jsf_curso-jsf-e-primefaces-essencial] INFO  o.eclipse.m2e.core.internal.Bundles - 	Entry: C:\Users\gajee\eclipse\plugins\org.apache.commons.commons-codec_1.16.0.jar
2024-11-08 17:46:57,693 [Worker-73: Launching Executing install in C__jsf_curso-jsf-e-primefaces-essencial] INFO  o.eclipse.m2e.core.internal.Bundles - getClasspathEntries(Bundle=com.google.guava.failureaccess_1.0.2 [17])
2024-11-08 17:46:57,693 [Worker-73: Launching Executing install in C__jsf_curso-jsf-e-primefaces-essencial] INFO  o.eclipse.m2e.core.internal.Bundles - 	Entry: C:\Users\gajee\eclipse\plugins\com.google.guava.failureaccess_1.0.2.jar
2024-11-08 17:46:57,696 [Worker-73: Launching Executing install in C__jsf_curso-jsf-e-primefaces-essencial] INFO  o.e.m.i.launch.MavenLaunchDelegate - Run build in "C:\jsf\curso-jsf-e-primefaces-essencial":
2024-11-08 17:46:57,696 [Worker-73: Launching Executing install in C__jsf_curso-jsf-e-primefaces-essencial] INFO  o.e.m.i.launch.MavenLaunchDelegate -  mvn  -B -Dstyle.color=always install
2024-11-11 09:27:55,465 [Worker-1: Loading available Gradle versions] INFO  o.e.b.c.i.u.g.PublishedGradleVersions - Gradle version information cache is out-of-date. Trying to update.
2024-11-11 09:27:56,056 [Worker-2: reload maven project] WARN  o.a.m.r.i.DefaultArtifactDescriptorReader - 1 problem was encountered while building the effective model for org.javassist:javassist:jar:3.20.0-GA during dependency collection step for project (use -X to see details)
